<?xml version="1.0" encoding="UTF-8" ?>
<testsuite tests="11" failures="0" name="net.mooctest.DiffiTest" time="216,782.484" errors="1" skipped="0">
  <properties>
[...]
</properties>
  <testcase classname="net.mooctest.DiffiTest" name="test10" time="0.047"/>
  <testcase classname="net.mooctest.DiffiTest" name="test" time="0"/>
  <testcase classname="net.mooctest.DiffiTest" name="test1" time="0.016"/>
  <testcase classname="net.mooctest.DiffiTest" name="test2" time="0"/>
  <testcase classname="net.mooctest.DiffiTest" name="test3" time="0"/>
  <testcase classname="net.mooctest.DiffiTest" name="test4" time="0"/>
  <testcase classname="net.mooctest.DiffiTest" name="test5" time="216,782.346"/>
  <testcase classname="net.mooctest.DiffiTest" name="test6" time="0"/>
  <testcase classname="net.mooctest.DiffiTest" name="test7" time="0"/>
  <testcase classname="net.mooctest.DiffiTest" name="test8" time="0.048"/>
  <testcase classname="net.mooctest.DiffiTest" name="test9" time="0.027">
    <error message="String index out of range: 1" type="java.lang.StringIndexOutOfBoundsException">java.lang.StringIndexOutOfBoundsException: String index out of range: 1
	at java.lang.String.substring(String.java:1963)
	at net.mooctest.StringIncrementor.patch(StringIncrementor.java:75)
	at net.mooctest.StringIncrementor.patch(StringIncrementor.java:62)
	at net.mooctest.DiffiTest.__CLR4_4_1ue61qme6(DiffiTest.java:210)
	at net.mooctest.DiffiTest.test9(DiffiTest.java:186)
	at sun.reflect.NativeMethodAccessorImpl.invoke0(Native Method)
	at sun.reflect.NativeMethodAccessorImpl.invoke(NativeMethodAccessorImpl.java:62)
	at sun.reflect.DelegatingMethodAccessorImpl.invoke(DelegatingMethodAccessorImpl.java:43)
	at java.lang.reflect.Method.invoke(Method.java:498)
	at org.junit.runners.model.FrameworkMethod$1.runReflectiveCall(FrameworkMethod.java:50)
	at org.junit.internal.runners.model.ReflectiveCallable.run(ReflectiveCallable.java:12)
	at org.junit.runners.model.FrameworkMethod.invokeExplosively(FrameworkMethod.java:47)
	at org.junit.internal.runners.statements.InvokeMethod.evaluate(InvokeMethod.java:17)
	at org.junit.runners.ParentRunner.runLeaf(ParentRunner.java:325)
	at org.junit.runners.BlockJUnit4ClassRunner.runChild(BlockJUnit4ClassRunner.java:78)
	at org.junit.runners.BlockJUnit4ClassRunner.runChild(BlockJUnit4ClassRunner.java:57)
	at org.junit.runners.ParentRunner$3.run(ParentRunner.java:290)
	at org.junit.runners.ParentRunner$1.schedule(ParentRunner.java:71)
	at org.junit.runners.ParentRunner.runChildren(ParentRunner.java:288)
	at org.junit.runners.ParentRunner.access$000(ParentRunner.java:58)
	at org.junit.runners.ParentRunner$2.evaluate(ParentRunner.java:268)
	at org.junit.runners.ParentRunner.run(ParentRunner.java:363)
	at org.apache.maven.surefire.junit4.JUnit4Provider.execute(JUnit4Provider.java:252)
	at org.apache.maven.surefire.junit4.JUnit4Provider.executeTestSet(JUnit4Provider.java:141)
	at org.apache.maven.surefire.junit4.JUnit4Provider.invoke(JUnit4Provider.java:112)
	at sun.reflect.NativeMethodAccessorImpl.invoke0(Native Method)
	at sun.reflect.NativeMethodAccessorImpl.invoke(NativeMethodAccessorImpl.java:62)
	at sun.reflect.DelegatingMethodAccessorImpl.invoke(DelegatingMethodAccessorImpl.java:43)
	at java.lang.reflect.Method.invoke(Method.java:498)
	at org.apache.maven.surefire.util.ReflectionUtils.invokeMethodWithArray(ReflectionUtils.java:189)
	at org.apache.maven.surefire.booter.ProviderFactory$ProviderProxy.invoke(ProviderFactory.java:165)
	at org.apache.maven.surefire.booter.ProviderFactory.invokeProvider(ProviderFactory.java:85)
	at org.apache.maven.surefire.booter.ForkedBooter.runSuitesInProcess(ForkedBooter.java:115)
	at org.apache.maven.surefire.booter.ForkedBooter.main(ForkedBooter.java:75)
</error>
    <system-out>Debugprint: 1 links, 0 absolute chars (20 Bytes ^= --18Bytes)
(0) {2: 0--&gt;1}
[]
</system-out>
  </testcase>
</testsuite>