<?xml version="1.0" encoding="UTF-8" ?>
<testsuite tests="3" failures="0" name="net.mooctest.SquareCbcTest" time="0.079" errors="0" skipped="0">
  <properties>
[...]
</properties>
  <testcase classname="net.mooctest.SquareCbcTest" name="testPartialEncryptionAndDecryption" time="0.071"/>
  <testcase classname="net.mooctest.SquareCbcTest" name="testEncryptionAndDecryption" time="0.008"/>
  <testcase classname="net.mooctest.SquareCbcTest" name="testEncryptionWithDifferentIVs" time="0"/>
</testsuite>