<?xml version="1.0" encoding="UTF-8" ?>
<testsuite tests="45" failures="0" name="net.mooctest.SplaySubTreeTest" time="0.114" errors="0" skipped="0">
  <properties>
[...]
</properties>
  <testcase classname="net.mooctest.SplaySubTreeTest" name="test00" time="0.043"/>
  <testcase classname="net.mooctest.SplaySubTreeTest" name="test01" time="0"/>
  <testcase classname="net.mooctest.SplaySubTreeTest" name="test02" time="0.001"/>
  <testcase classname="net.mooctest.SplaySubTreeTest" name="test03" time="0.002"/>
  <testcase classname="net.mooctest.SplaySubTreeTest" name="test04" time="0.002"/>
  <testcase classname="net.mooctest.SplaySubTreeTest" name="test05" time="0.002"/>
  <testcase classname="net.mooctest.SplaySubTreeTest" name="test06" time="0.002"/>
  <testcase classname="net.mooctest.SplaySubTreeTest" name="test07" time="0.002"/>
  <testcase classname="net.mooctest.SplaySubTreeTest" name="test08" time="0.001"/>
  <testcase classname="net.mooctest.SplaySubTreeTest" name="test09" time="0.002"/>
  <testcase classname="net.mooctest.SplaySubTreeTest" name="test10" time="0.002"/>
  <testcase classname="net.mooctest.SplaySubTreeTest" name="test11" time="0.001"/>
  <testcase classname="net.mooctest.SplaySubTreeTest" name="test12" time="0.001"/>
  <testcase classname="net.mooctest.SplaySubTreeTest" name="test13" time="0.001"/>
  <testcase classname="net.mooctest.SplaySubTreeTest" name="test14" time="0.002"/>
  <testcase classname="net.mooctest.SplaySubTreeTest" name="test15" time="0.002"/>
  <testcase classname="net.mooctest.SplaySubTreeTest" name="test16" time="0.001"/>
  <testcase classname="net.mooctest.SplaySubTreeTest" name="test17" time="0.002"/>
  <testcase classname="net.mooctest.SplaySubTreeTest" name="test18" time="0.002"/>
  <testcase classname="net.mooctest.SplaySubTreeTest" name="test19" time="0.002"/>
  <testcase classname="net.mooctest.SplaySubTreeTest" name="test20" time="0.002"/>
  <testcase classname="net.mooctest.SplaySubTreeTest" name="test21" time="0.001"/>
  <testcase classname="net.mooctest.SplaySubTreeTest" name="test22" time="0.001"/>
  <testcase classname="net.mooctest.SplaySubTreeTest" name="test23" time="0.002"/>
  <testcase classname="net.mooctest.SplaySubTreeTest" name="test24" time="0.002"/>
  <testcase classname="net.mooctest.SplaySubTreeTest" name="test25" time="0.002"/>
  <testcase classname="net.mooctest.SplaySubTreeTest" name="test26" time="0.002"/>
  <testcase classname="net.mooctest.SplaySubTreeTest" name="test27" time="0.001"/>
  <testcase classname="net.mooctest.SplaySubTreeTest" name="test28" time="0.002"/>
  <testcase classname="net.mooctest.SplaySubTreeTest" name="test29" time="0.002"/>
  <testcase classname="net.mooctest.SplaySubTreeTest" name="test30" time="0.002"/>
  <testcase classname="net.mooctest.SplaySubTreeTest" name="test31" time="0.002"/>
  <testcase classname="net.mooctest.SplaySubTreeTest" name="test32" time="0.001"/>
  <testcase classname="net.mooctest.SplaySubTreeTest" name="test33" time="0.002"/>
  <testcase classname="net.mooctest.SplaySubTreeTest" name="test34" time="0.001"/>
  <testcase classname="net.mooctest.SplaySubTreeTest" name="test35" time="0.001"/>
  <testcase classname="net.mooctest.SplaySubTreeTest" name="test36" time="0.002"/>
  <testcase classname="net.mooctest.SplaySubTreeTest" name="test37" time="0.003"/>
  <testcase classname="net.mooctest.SplaySubTreeTest" name="test38" time="0.002"/>
  <testcase classname="net.mooctest.SplaySubTreeTest" name="test39" time="0.001"/>
  <testcase classname="net.mooctest.SplaySubTreeTest" name="test40" time="0.001"/>
  <testcase classname="net.mooctest.SplaySubTreeTest" name="test41" time="0.001"/>
  <testcase classname="net.mooctest.SplaySubTreeTest" name="test42" time="0.002"/>
  <testcase classname="net.mooctest.SplaySubTreeTest" name="test43" time="0.001"/>
  <testcase classname="net.mooctest.SplaySubTreeTest" name="test44" time="0.002"/>
</testsuite>