<?xml version="1.0" encoding="UTF-8" ?>
<testsuite tests="22" failures="0" name="net.mooctest.AStarTest" time="0.027" errors="0" skipped="0">
  <properties>
[...]
</properties>
  <testcase classname="net.mooctest.AStarTest" name="testPathReachesTarget" time="0.018"/>
  <testcase classname="net.mooctest.AStarTest" name="testDiagonalLine_UnwalkableMiddle" time="0"/>
  <testcase classname="net.mooctest.AStarTest" name="testVerticalLine_FenceBlocking" time="0"/>
  <testcase classname="net.mooctest.AStarTest" name="testDiagonalLine_CrossingIntersection_PositiveSlope" time="0"/>
  <testcase classname="net.mooctest.AStarTest" name="testVerticalLine_UnwalkableMiddle" time="0"/>
  <testcase classname="net.mooctest.AStarTest" name="testDiagonalLine_FenceBlocking" time="0.001"/>
  <testcase classname="net.mooctest.AStarTest" name="testDiagonalLine_NotCrossingIntersection_PositiveSlope" time="0"/>
  <testcase classname="net.mooctest.AStarTest" name="testSearch_WithNoPath_ShouldReturnEmptyPath" time="0.001"/>
  <testcase classname="net.mooctest.AStarTest" name="testHorizontalLine_Blocked" time="0"/>
  <testcase classname="net.mooctest.AStarTest" name="testDiagonalLine_CrossingIntersection_NegativeSlope" time="0"/>
  <testcase classname="net.mooctest.AStarTest" name="testDiagonalLine_NotCrossingIntersection_NegativeSlope" time="0"/>
  <testcase classname="net.mooctest.AStarTest" name="testSearch_WithValidPath_ShouldFindPath" time="0.001"/>
  <testcase classname="net.mooctest.AStarTest" name="testDiagonalLine_CrossingIntersection" time="0"/>
  <testcase classname="net.mooctest.AStarTest" name="testReachability" time="0.001"/>
  <testcase classname="net.mooctest.AStarTest" name="testPathBlockedByFence" time="0"/>
  <testcase classname="net.mooctest.AStarTest" name="testPathBlocked" time="0"/>
  <testcase classname="net.mooctest.AStarTest" name="testHorizontalLine_FullyWalkable" time="0"/>
  <testcase classname="net.mooctest.AStarTest" name="testHorizontalLine_SecondGridBlocked" time="0"/>
  <testcase classname="net.mooctest.AStarTest" name="testVerticalLine_FullyWalkable" time="0.002"/>
  <testcase classname="net.mooctest.AStarTest" name="testSearch_WithNoObstacles_ShouldReturnPath" time="0.003"/>
  <testcase classname="net.mooctest.AStarTest" name="testHorizontalLine_BlockedByFence" time="0"/>
  <testcase classname="net.mooctest.AStarTest" name="testDiagonalLine_FullyWalkable" time="0"/>
</testsuite>