<?xml version="1.0" encoding="UTF-8"?>
<coverage generated="1701501675484" clover="4.4.1">
   <project name="Square 0.0.1-SNAPSHOT" timestamp="1701501673215">
      <metrics coveredelements="391" complexity="104" loc="958" methods="34" classes="7" statements="241" packages="1" coveredconditionals="127" coveredmethods="34" elements="413" ncloc="516" files="7" conditionals="138" coveredstatements="230"/>
      <package name="net.mooctest">
         <metrics coveredelements="391" complexity="104" loc="958" methods="34" classes="7" statements="241" coveredconditionals="127" coveredmethods="34" elements="413" ncloc="516" files="7" conditionals="138" coveredstatements="230"/>
         <file path="C:\mooctest\projects\8601\126581\Square\src\main\java\net\mooctest\Square.java" name="Square.java">
            <metrics coveredelements="146" coveredconditionals="42" complexity="33" loc="400" coveredmethods="10" methods="10" elements="148" classes="1" ncloc="213" statements="94" conditionals="44" coveredstatements="94"/>
            <class name="Square">
               <metrics coveredelements="146" coveredconditionals="42" complexity="33" coveredmethods="10" methods="10" elements="148" statements="94" conditionals="44" coveredstatements="94"/>
            </class>
            <line complexity="3" visibility="private" signature="mul(int,int) : int" num="89" count="3079" type="method"/>
            <line num="92" count="3079" type="stmt"/>
            <line falsecount="3067" truecount="12" num="92" type="cond"/>
            <line complexity="10" visibility="package" signature="&lt;clinit&gt;, line 97()" num="97" count="1" type="method"/>
            <line num="100" count="1" type="stmt"/>
            <line num="101" count="1" type="stmt"/>
            <line num="102" count="1" type="stmt"/>
            <line falsecount="1" truecount="254" num="102" type="cond"/>
            <line num="103" count="254" type="stmt"/>
            <line num="104" count="254" type="stmt"/>
            <line falsecount="127" truecount="127" num="104" type="cond"/>
            <line num="105" count="127" type="stmt"/>
            <line num="107" count="254" type="stmt"/>
            <line num="108" count="254" type="stmt"/>
            <line num="114" count="1" type="stmt"/>
            <line num="115" count="1" type="stmt"/>
            <line falsecount="1" truecount="255" num="115" type="cond"/>
            <line num="116" count="255" type="stmt"/>
            <line num="129" count="1" type="stmt"/>
            <line num="130" count="1" type="stmt"/>
            <line falsecount="1" truecount="256" num="130" type="cond"/>
            <line num="136" count="256" type="stmt"/>
            <line num="137" count="256" type="stmt"/>
            <line falsecount="256" truecount="2048" num="137" type="cond"/>
            <line num="139" count="2048" type="stmt"/>
            <line num="141" count="2048" type="stmt"/>
            <line num="141" count="2048" type="stmt"/>
            <line num="141" count="2048" type="stmt"/>
            <line num="141" count="2048" type="stmt"/>
            <line num="143" count="2048" type="stmt"/>
            <line num="145" count="256" type="stmt"/>
            <line num="146" count="256" type="stmt"/>
            <line num="156" count="1" type="stmt"/>
            <line num="157" count="1" type="stmt"/>
            <line num="161" count="1" type="stmt"/>
            <line num="162" count="1" type="stmt"/>
            <line falsecount="1" truecount="256" num="162" type="cond"/>
            <line num="163" count="256" type="stmt"/>
            <line num="168" count="256" type="stmt"/>
            <line num="169" count="256" type="stmt"/>
            <line falsecount="256" truecount="0" num="169" type="cond"/>
            <line num="174" count="256" type="stmt"/>
            <line num="175" count="256" type="stmt"/>
            <line falsecount="256" truecount="0" num="175" type="cond"/>
            <line num="183" count="1" type="stmt"/>
            <line num="184" count="1" type="stmt"/>
            <line falsecount="1" truecount="7" num="184" type="cond"/>
            <line num="185" count="7" type="stmt"/>
            <line complexity="1" visibility="private" signature="rotr(int,int) : int" num="193" count="248" type="method"/>
            <line num="195" count="248" type="stmt"/>
            <line complexity="1" visibility="private" signature="rotl(int,int) : int" num="199" count="8256" type="method"/>
            <line num="201" count="8256" type="stmt"/>
            <line complexity="1" visibility="private" signature="transform(int[]) : void" num="207" count="248" type="method"/>
            <line num="209" count="248" type="stmt"/>
            <line num="213" count="248" type="stmt"/>
            <line num="217" count="248" type="stmt"/>
            <line num="221" count="248" type="stmt"/>
            <line complexity="4" visibility="public" signature="Square(byte[])" num="232" count="31" type="method"/>
            <line num="235" count="31" type="stmt"/>
            <line falsecount="31" truecount="124" num="235" type="cond"/>
            <line num="236" count="124" type="stmt"/>
            <line num="242" count="31" type="stmt"/>
            <line falsecount="31" truecount="248" num="242" type="cond"/>
            <line num="244" count="248" type="stmt"/>
            <line num="245" count="248" type="stmt"/>
            <line num="246" count="248" type="stmt"/>
            <line num="247" count="248" type="stmt"/>
            <line num="249" count="248" type="stmt"/>
            <line num="251" count="31" type="stmt"/>
            <line falsecount="31" truecount="124" num="251" type="cond"/>
            <line num="252" count="124" type="stmt"/>
            <line complexity="1" visibility="private" signature="round(int[],int[],int[]) : void" num="264" count="440" type="method"/>
            <line num="266" count="440" type="stmt"/>
            <line num="268" count="440" type="stmt"/>
            <line num="269" count="440" type="stmt"/>
            <line num="270" count="440" type="stmt"/>
            <line num="271" count="440" type="stmt"/>
            <line num="273" count="440" type="stmt"/>
            <line num="278" count="440" type="stmt"/>
            <line num="283" count="440" type="stmt"/>
            <line num="288" count="440" type="stmt"/>
            <line num="295" count="440" type="stmt"/>
            <line complexity="4" visibility="public" signature="blockEncrypt(byte[],int,byte[],int) : void" num="307" count="42" type="method"/>
            <line num="309" count="42" type="stmt"/>
            <line num="312" count="42" type="stmt"/>
            <line falsecount="42" truecount="168" num="312" type="cond"/>
            <line num="313" count="168" type="stmt"/>
            <line num="322" count="42" type="stmt"/>
            <line falsecount="42" truecount="294" num="322" type="cond"/>
            <line num="323" count="294" type="stmt"/>
            <line num="327" count="42" type="stmt"/>
            <line num="330" count="42" type="stmt"/>
            <line falsecount="42" truecount="168" num="330" type="cond"/>
            <line num="331" count="168" type="stmt"/>
            <line num="332" count="168" type="stmt"/>
            <line num="333" count="168" type="stmt"/>
            <line num="334" count="168" type="stmt"/>
            <line num="335" count="168" type="stmt"/>
            <line complexity="5" visibility="public" signature="blockDecrypt(byte[],int,byte[],int) : void" num="349" count="13" type="method"/>
            <line num="351" count="13" type="stmt"/>
            <line num="354" count="13" type="stmt"/>
            <line falsecount="13" truecount="52" num="354" type="cond"/>
            <line num="355" count="52" type="stmt"/>
            <line num="364" count="13" type="stmt"/>
            <line falsecount="13" truecount="91" num="364" type="cond"/>
            <line num="365" count="91" type="stmt"/>
            <line num="369" count="13" type="stmt"/>
            <line num="372" count="13" type="stmt"/>
            <line num="373" count="13" type="stmt"/>
            <line falsecount="13" truecount="52" num="373" type="cond"/>
            <line num="374" count="52" type="stmt"/>
            <line num="375" count="52" type="stmt"/>
            <line num="376" count="52" type="stmt"/>
            <line num="377" count="52" type="stmt"/>
            <line num="378" count="52" type="stmt"/>
            <line num="382" count="13" type="stmt"/>
            <line num="383" count="13" type="stmt"/>
            <line falsecount="13" truecount="52" num="383" type="cond"/>
            <line num="384" count="52" type="stmt"/>
            <line complexity="3" visibility="protected" signature="finalize() : void" num="389" count="1" type="method"/>
            <line num="392" count="1" type="stmt"/>
            <line falsecount="1" truecount="9" num="392" type="cond"/>
            <line num="393" count="9" type="stmt"/>
            <line falsecount="9" truecount="36" num="393" type="cond"/>
            <line num="394" count="36" type="stmt"/>
            <line num="397" count="1" type="stmt"/>
         </file>
         <file path="C:\mooctest\projects\8601\126581\Square\src\main\java\net\mooctest\SquareCbc.java" name="SquareCbc.java">
            <metrics coveredelements="44" coveredconditionals="16" complexity="13" loc="99" coveredmethods="5" methods="5" elements="44" classes="1" ncloc="52" statements="23" conditionals="16" coveredstatements="23"/>
            <class name="SquareCbc">
               <metrics coveredelements="44" coveredconditionals="16" complexity="13" coveredmethods="5" methods="5" elements="44" statements="23" conditionals="16" coveredstatements="23"/>
            </class>
            <line complexity="2" visibility="public" signature="setKey(byte[]) : void" num="38" count="4" type="method"/>
            <line num="40" count="4" type="stmt"/>
            <line num="41" count="4" type="stmt"/>
            <line falsecount="4" truecount="64" num="41" type="cond"/>
            <line num="42" count="64" type="stmt"/>
            <line complexity="1" visibility="public" signature="setIV(byte[]) : void" num="47" count="4" type="method"/>
            <line num="50" count="4" type="stmt"/>
            <line complexity="4" visibility="public" signature="encrypt(byte[],int,int) : void" num="54" count="4" type="method"/>
            <line num="57" count="4" type="stmt"/>
            <line falsecount="4" truecount="3" num="57" type="cond"/>
            <line num="59" count="3" type="stmt"/>
            <line falsecount="3" truecount="48" num="59" type="cond"/>
            <line num="60" count="48" type="stmt"/>
            <line num="62" count="3" type="stmt"/>
            <line num="63" count="3" type="stmt"/>
            <line falsecount="3" truecount="48" num="63" type="cond"/>
            <line num="64" count="48" type="stmt"/>
            <line num="66" count="3" type="stmt"/>
            <line complexity="4" visibility="public" signature="decrypt(byte[],int,int) : void" num="71" count="2" type="method"/>
            <line num="74" count="2" type="stmt"/>
            <line num="76" count="2" type="stmt"/>
            <line falsecount="2" truecount="3" num="76" type="cond"/>
            <line num="78" count="3" type="stmt"/>
            <line falsecount="3" truecount="48" num="78" type="cond"/>
            <line num="79" count="48" type="stmt"/>
            <line num="81" count="3" type="stmt"/>
            <line num="82" count="3" type="stmt"/>
            <line falsecount="3" truecount="48" num="82" type="cond"/>
            <line num="83" count="48" type="stmt"/>
            <line num="83" count="48" type="stmt"/>
            <line num="85" count="3" type="stmt"/>
            <line complexity="2" visibility="protected" signature="finalize() : void" num="90" count="1" type="method"/>
            <line num="93" count="1" type="stmt"/>
            <line falsecount="1" truecount="16" num="93" type="cond"/>
            <line num="94" count="16" type="stmt"/>
            <line num="96" count="1" type="stmt"/>
         </file>
         <file path="C:\mooctest\projects\8601\126581\Square\src\main\java\net\mooctest\SquareCfb.java" name="SquareCfb.java">
            <metrics coveredelements="71" coveredconditionals="25" complexity="19" loc="133" coveredmethods="5" methods="5" elements="77" classes="1" ncloc="80" statements="44" conditionals="28" coveredstatements="41"/>
            <class name="SquareCfb">
               <metrics coveredelements="71" coveredconditionals="25" complexity="19" coveredmethods="5" methods="5" elements="77" statements="44" conditionals="28" coveredstatements="41"/>
            </class>
            <line complexity="2" visibility="public" signature="setKey(byte[]) : void" num="38" count="8" type="method"/>
            <line num="40" count="8" type="stmt"/>
            <line num="41" count="8" type="stmt"/>
            <line falsecount="8" truecount="128" num="41" type="cond"/>
            <line num="42" count="128" type="stmt"/>
            <line num="44" count="8" type="stmt"/>
            <line complexity="1" visibility="public" signature="setIV(byte[]) : void" num="48" count="8" type="method"/>
            <line num="50" count="8" type="stmt"/>
            <line num="51" count="8" type="stmt"/>
            <line complexity="7" visibility="public" signature="encrypt(byte[],int,int) : void" num="55" count="5" type="method"/>
            <line num="59" count="5" type="stmt"/>
            <line falsecount="3" truecount="2" num="59" type="cond"/>
            <line num="60" count="2" type="stmt"/>
            <line falsecount="2" truecount="0" num="60" type="cond"/>
            <line num="61" count="0" type="stmt"/>
            <line num="63" count="2" type="stmt"/>
            <line num="64" count="2" type="stmt"/>
            <line num="68" count="3" type="stmt"/>
            <line falsecount="3" truecount="0" num="68" type="cond"/>
            <line num="69" count="0" type="stmt"/>
            <line num="71" count="3" type="stmt"/>
            <line num="73" count="3" type="stmt"/>
            <line falsecount="3" truecount="1" num="73" type="cond"/>
            <line num="74" count="1" type="stmt"/>
            <line num="75" count="1" type="stmt"/>
            <line falsecount="1" truecount="16" num="75" type="cond"/>
            <line num="76" count="16" type="stmt"/>
            <line num="78" count="1" type="stmt"/>
            <line num="81" count="3" type="stmt"/>
            <line num="82" count="3" type="stmt"/>
            <line falsecount="3" truecount="45" num="82" type="cond"/>
            <line num="83" count="45" type="stmt"/>
            <line num="85" count="3" type="stmt"/>
            <line complexity="7" visibility="public" signature="decrypt(byte[],int,int) : void" num="89" count="6" type="method"/>
            <line num="93" count="6" type="stmt"/>
            <line falsecount="5" truecount="1" num="93" type="cond"/>
            <line num="94" count="1" type="stmt"/>
            <line falsecount="1" truecount="0" num="94" type="cond"/>
            <line num="95" count="0" type="stmt"/>
            <line num="97" count="1" type="stmt"/>
            <line num="98" count="1" type="stmt"/>
            <line num="102" count="5" type="stmt"/>
            <line falsecount="5" truecount="3" num="102" type="cond"/>
            <line num="103" count="3" type="stmt"/>
            <line num="105" count="5" type="stmt"/>
            <line num="107" count="5" type="stmt"/>
            <line falsecount="5" truecount="2" num="107" type="cond"/>
            <line num="108" count="2" type="stmt"/>
            <line num="109" count="2" type="stmt"/>
            <line falsecount="2" truecount="32" num="109" type="cond"/>
            <line num="110" count="32" type="stmt"/>
            <line num="112" count="2" type="stmt"/>
            <line num="115" count="5" type="stmt"/>
            <line num="116" count="5" type="stmt"/>
            <line falsecount="5" truecount="66" num="116" type="cond"/>
            <line num="117" count="66" type="stmt"/>
            <line num="119" count="5" type="stmt"/>
            <line complexity="2" visibility="protected" signature="finalize() : void" num="123" count="1" type="method"/>
            <line num="126" count="1" type="stmt"/>
            <line falsecount="1" truecount="16" num="126" type="cond"/>
            <line num="127" count="16" type="stmt"/>
            <line num="129" count="1" type="stmt"/>
            <line num="130" count="1" type="stmt"/>
         </file>
         <file path="C:\mooctest\projects\8601\126581\Square\src\main\java\net\mooctest\SquareCts.java" name="SquareCts.java">
            <metrics coveredelements="68" coveredconditionals="26" complexity="20" loc="141" coveredmethods="5" methods="5" elements="78" classes="1" ncloc="78" statements="43" conditionals="30" coveredstatements="37"/>
            <class name="SquareCts">
               <metrics coveredelements="68" coveredconditionals="26" complexity="20" coveredmethods="5" methods="5" elements="78" statements="43" conditionals="30" coveredstatements="37"/>
            </class>
            <line complexity="2" visibility="public" signature="setKey(byte[]) : void" num="41" count="8" type="method"/>
            <line num="44" count="8" type="stmt"/>
            <line num="45" count="8" type="stmt"/>
            <line falsecount="8" truecount="128" num="45" type="cond"/>
            <line num="46" count="128" type="stmt"/>
            <line complexity="1" visibility="public" signature="setIV(byte[]) : void" num="51" count="8" type="method"/>
            <line num="54" count="8" type="stmt"/>
            <line num="56" count="8" type="stmt"/>
            <line complexity="7" visibility="public" signature="encrypt(byte[],int,int) : void" num="60" count="3" type="method"/>
            <line num="63" count="3" type="stmt"/>
            <line falsecount="2" truecount="1" num="63" type="cond"/>
            <line num="64" count="1" type="stmt"/>
            <line num="66" count="2" type="stmt"/>
            <line falsecount="2" truecount="3" num="66" type="cond"/>
            <line num="68" count="3" type="stmt"/>
            <line falsecount="3" truecount="48" num="68" type="cond"/>
            <line num="69" count="48" type="stmt"/>
            <line num="71" count="3" type="stmt"/>
            <line num="72" count="3" type="stmt"/>
            <line falsecount="3" truecount="48" num="72" type="cond"/>
            <line num="73" count="48" type="stmt"/>
            <line num="75" count="3" type="stmt"/>
            <line num="77" count="2" type="stmt"/>
            <line falsecount="2" truecount="0" num="77" type="cond"/>
            <line num="79" count="0" type="stmt"/>
            <line falsecount="0" truecount="0" num="79" type="cond"/>
            <line num="80" count="0" type="stmt"/>
            <line num="83" count="0" type="stmt"/>
            <line num="85" count="0" type="stmt"/>
            <line num="86" count="0" type="stmt"/>
            <line complexity="8" visibility="public" signature="decrypt(byte[],int,int) : void" num="91" count="4" type="method"/>
            <line num="94" count="4" type="stmt"/>
            <line falsecount="4" truecount="0" num="94" type="cond"/>
            <line num="95" count="0" type="stmt"/>
            <line num="97" count="4" type="stmt"/>
            <line num="98" count="4" type="stmt"/>
            <line falsecount="4" truecount="1" num="98" type="cond"/>
            <line num="99" count="1" type="stmt"/>
            <line falsecount="1" truecount="16" num="99" type="cond"/>
            <line num="100" count="16" type="stmt"/>
            <line num="103" count="1" type="stmt"/>
            <line num="104" count="1" type="stmt"/>
            <line falsecount="1" truecount="16" num="104" type="cond"/>
            <line num="105" count="16" type="stmt"/>
            <line num="105" count="16" type="stmt"/>
            <line num="107" count="1" type="stmt"/>
            <line num="111" count="4" type="stmt"/>
            <line num="112" count="4" type="stmt"/>
            <line falsecount="3" truecount="1" num="112" type="cond"/>
            <line num="114" count="1" type="stmt"/>
            <line num="115" count="1" type="stmt"/>
            <line falsecount="1" truecount="8" num="115" type="cond"/>
            <line num="119" count="8" type="stmt"/>
            <line num="125" count="4" type="stmt"/>
            <line num="126" count="4" type="stmt"/>
            <line falsecount="4" truecount="64" num="126" type="cond"/>
            <line num="127" count="64" type="stmt"/>
            <line num="127" count="64" type="stmt"/>
            <line complexity="2" visibility="protected" signature="finalize() : void" num="132" count="1" type="method"/>
            <line num="135" count="1" type="stmt"/>
            <line falsecount="1" truecount="16" num="135" type="cond"/>
            <line num="136" count="16" type="stmt"/>
            <line num="138" count="1" type="stmt"/>
         </file>
         <file path="C:\mooctest\projects\8601\126581\Square\src\main\java\net\mooctest\SquareEcb.java" name="SquareEcb.java">
            <metrics coveredelements="17" coveredconditionals="4" complexity="6" loc="69" coveredmethods="4" methods="4" elements="17" classes="1" ncloc="28" statements="9" conditionals="4" coveredstatements="9"/>
            <class name="SquareEcb">
               <metrics coveredelements="17" coveredconditionals="4" complexity="6" coveredmethods="4" methods="4" elements="17" statements="9" conditionals="4" coveredstatements="9"/>
            </class>
            <line complexity="1" visibility="public" signature="setKey(byte[]) : void" num="38" count="2" type="method"/>
            <line num="40" count="2" type="stmt"/>
            <line complexity="1" visibility="public" signature="setIV(byte[]) : void" num="44" count="2" type="method"/>
            <line complexity="2" visibility="public" signature="encrypt(byte[],int,int) : void" num="50" count="2" type="method"/>
            <line num="52" count="2" type="stmt"/>
            <line falsecount="2" truecount="3" num="52" type="cond"/>
            <line num="53" count="3" type="stmt"/>
            <line num="54" count="3" type="stmt"/>
            <line num="55" count="3" type="stmt"/>
            <line complexity="2" visibility="public" signature="decrypt(byte[],int,int) : void" num="60" count="2" type="method"/>
            <line num="62" count="2" type="stmt"/>
            <line falsecount="2" truecount="3" num="62" type="cond"/>
            <line num="63" count="3" type="stmt"/>
            <line num="64" count="3" type="stmt"/>
            <line num="65" count="3" type="stmt"/>
         </file>
         <file path="C:\mooctest\projects\8601\126581\Square\src\main\java\net\mooctest\SquareMode.java" name="SquareMode.java">
            <metrics coveredelements="0" coveredconditionals="0" complexity="0" loc="9" coveredmethods="0" methods="0" elements="0" classes="1" ncloc="7" statements="0" conditionals="0" coveredstatements="0"/>
            <class name="SquareMode">
               <metrics coveredelements="0" coveredconditionals="0" complexity="0" coveredmethods="0" methods="0" elements="0" statements="0" conditionals="0" coveredstatements="0"/>
            </class>
         </file>
         <file path="C:\mooctest\projects\8601\126581\Square\src\main\java\net\mooctest\SquareOfb.java" name="SquareOfb.java">
            <metrics coveredelements="45" coveredconditionals="14" complexity="13" loc="107" coveredmethods="5" methods="5" elements="49" classes="1" ncloc="58" statements="28" conditionals="16" coveredstatements="26"/>
            <class name="SquareOfb">
               <metrics coveredelements="45" coveredconditionals="14" complexity="13" coveredmethods="5" methods="5" elements="49" statements="28" conditionals="16" coveredstatements="26"/>
            </class>
            <line complexity="2" visibility="public" signature="setKey(byte[]) : void" num="38" count="6" type="method"/>
            <line num="41" count="6" type="stmt"/>
            <line num="42" count="6" type="stmt"/>
            <line falsecount="6" truecount="96" num="42" type="cond"/>
            <line num="43" count="96" type="stmt"/>
            <line num="45" count="6" type="stmt"/>
            <line complexity="1" visibility="public" signature="setIV(byte[]) : void" num="49" count="6" type="method"/>
            <line num="52" count="6" type="stmt"/>
            <line num="53" count="6" type="stmt"/>
            <line complexity="7" visibility="public" signature="encrypt(byte[],int,int) : void" num="57" count="9" type="method"/>
            <line num="61" count="9" type="stmt"/>
            <line falsecount="8" truecount="1" num="61" type="cond"/>
            <line num="62" count="1" type="stmt"/>
            <line falsecount="1" truecount="0" num="62" type="cond"/>
            <line num="63" count="0" type="stmt"/>
            <line num="65" count="1" type="stmt"/>
            <line num="66" count="1" type="stmt"/>
            <line num="70" count="8" type="stmt"/>
            <line falsecount="8" truecount="0" num="70" type="cond"/>
            <line num="71" count="0" type="stmt"/>
            <line num="73" count="8" type="stmt"/>
            <line num="75" count="8" type="stmt"/>
            <line falsecount="8" truecount="3" num="75" type="cond"/>
            <line num="76" count="3" type="stmt"/>
            <line num="77" count="3" type="stmt"/>
            <line falsecount="3" truecount="48" num="77" type="cond"/>
            <line num="78" count="48" type="stmt"/>
            <line num="80" count="3" type="stmt"/>
            <line num="83" count="8" type="stmt"/>
            <line num="84" count="8" type="stmt"/>
            <line falsecount="8" truecount="120" num="84" type="cond"/>
            <line num="85" count="120" type="stmt"/>
            <line num="87" count="8" type="stmt"/>
            <line complexity="1" visibility="public" signature="decrypt(byte[],int,int) : void" num="91" count="3" type="method"/>
            <line num="93" count="3" type="stmt"/>
            <line complexity="2" visibility="protected" signature="finalize() : void" num="97" count="1" type="method"/>
            <line num="100" count="1" type="stmt"/>
            <line falsecount="1" truecount="16" num="100" type="cond"/>
            <line num="101" count="16" type="stmt"/>
            <line num="103" count="1" type="stmt"/>
            <line num="104" count="1" type="stmt"/>
         </file>
      </package>
   </project>
   <testproject name="Square 0.0.1-SNAPSHOT" timestamp="1701501673215">
      <metrics coveredelements="199" complexity="44" loc="613" methods="37" classes="6" statements="165" packages="1" coveredconditionals="2" coveredmethods="37" elements="204" ncloc="345" files="6" conditionals="2" coveredstatements="160"/>
      <package name="net.mooctest">
         <metrics coveredelements="199" complexity="44" loc="613" methods="37" classes="6" statements="165" coveredconditionals="2" coveredmethods="37" elements="204" ncloc="345" files="6" conditionals="2" coveredstatements="160"/>
         <file path="C:\mooctest\projects\8601\126581\Square\src\test\java\net\mooctest\SquareCbcTest.java" name="SquareCbcTest.java">
            <metrics coveredelements="28" coveredconditionals="0" complexity="6" loc="81" coveredmethods="5" methods="5" elements="29" classes="1" ncloc="49" statements="24" conditionals="0" coveredstatements="23"/>
            <class name="SquareCbcTest">
               <metrics coveredelements="28" complexity="6" methods="5" testruns="3" statements="24" coveredconditionals="0" coveredmethods="5" elements="29" testfailures="0" testduration="0.006" conditionals="0" coveredstatements="23" testpasses="3"/>
            </class>
            <line complexity="1" visibility="public" signature="setUp() : void" num="12" count="3" type="method"/>
            <line num="15" count="3" type="stmt"/>
            <line num="16" count="3" type="stmt"/>
            <line num="17" count="3" type="stmt"/>
            <line complexity="1" visibility="public" signature="tearDown() : void" num="20" count="3" type="method"/>
            <line num="23" count="3" type="stmt"/>
            <line complexity="1" visibility="public" signature="testEncryptionAndDecryption() : void" num="26" testsuccess="true" count="1" testduration="0.0" type="method"/>
            <line num="28" count="1" type="stmt"/>
            <line num="29" count="1" type="stmt"/>
            <line num="32" count="1" type="stmt"/>
            <line num="35" count="1" type="stmt"/>
            <line complexity="1" visibility="public" signature="testEncryptionWithDifferentIVs() : void" num="41" testsuccess="true" count="1" testduration="0.0" type="method"/>
            <line num="43" count="1" type="stmt"/>
            <line num="44" count="1" type="stmt"/>
            <line num="45" count="1" type="stmt"/>
            <line num="48" count="1" type="stmt"/>
            <line num="49" count="1" type="stmt"/>
            <line num="50" count="1" type="stmt"/>
            <line num="51" count="1" type="stmt"/>
            <line num="54" count="1" type="stmt"/>
            <line num="57" count="1" type="stmt"/>
            <line complexity="2" visibility="public" signature="testPartialEncryptionAndDecryption() : void" num="60" testsuccess="true" count="1" testduration="0.006" type="method"/>
            <line num="62" count="1" type="stmt"/>
            <line num="63" count="1" type="stmt"/>
            <line num="66" count="1" type="stmt"/>
            <line num="67" count="1" type="stmt"/>
            <line num="69" count="1" type="stmt"/>
            <line num="70" count="1" type="stmt"/>
            <line num="73" count="0" type="stmt"/>
         </file>
         <file path="C:\mooctest\projects\8601\126581\Square\src\test\java\net\mooctest\SquareCfbTest.java" name="SquareCfbTest.java">
            <metrics coveredelements="48" coveredconditionals="0" complexity="10" loc="139" coveredmethods="9" methods="9" elements="49" classes="1" ncloc="80" statements="40" conditionals="0" coveredstatements="39"/>
            <class name="SquareCfbTest">
               <metrics coveredelements="48" complexity="10" methods="9" testruns="7" statements="40" coveredconditionals="0" coveredmethods="9" elements="49" testfailures="0" testduration="0.0" conditionals="0" coveredstatements="39" testpasses="7"/>
            </class>
            <line complexity="1" visibility="public" signature="setUp() : void" num="17" count="7" type="method"/>
            <line num="20" count="7" type="stmt"/>
            <line num="21" count="7" type="stmt"/>
            <line num="22" count="7" type="stmt"/>
            <line complexity="1" visibility="public" signature="tearDown() : void" num="25" count="7" type="method"/>
            <line num="28" count="7" type="stmt"/>
            <line complexity="1" visibility="public" signature="testEncryptionAndDecryption() : void" num="31" testsuccess="true" count="1" testduration="0.0" type="method"/>
            <line num="33" count="1" type="stmt"/>
            <line num="34" count="1" type="stmt"/>
            <line num="37" count="1" type="stmt"/>
            <line num="40" count="1" type="stmt"/>
            <line complexity="1" visibility="public" signature="testEncryptionWithDifferentIVs() : void" num="46" testsuccess="true" count="1" testduration="0.0" type="method"/>
            <line num="48" count="1" type="stmt"/>
            <line num="49" count="1" type="stmt"/>
            <line num="50" count="1" type="stmt"/>
            <line num="53" count="1" type="stmt"/>
            <line num="54" count="1" type="stmt"/>
            <line num="55" count="1" type="stmt"/>
            <line num="56" count="1" type="stmt"/>
            <line num="59" count="1" type="stmt"/>
            <line num="62" count="1" type="stmt"/>
            <line complexity="2" visibility="public" signature="testPartialEncryptionAndDecryption() : void" num="65" testsuccess="true" count="1" testduration="0.0" type="method"/>
            <line num="67" count="1" type="stmt"/>
            <line num="68" count="1" type="stmt"/>
            <line num="71" count="1" type="stmt"/>
            <line num="72" count="1" type="stmt"/>
            <line num="76" count="1" type="stmt"/>
            <line num="77" count="1" type="stmt"/>
            <line num="80" count="0" type="stmt"/>
            <line complexity="1" visibility="public" signature="testDecryptWithZeroLength() : void" num="85" testsuccess="true" count="1" testduration="0.0" type="method"/>
            <line num="87" count="1" type="stmt"/>
            <line num="88" count="1" type="stmt"/>
            <line num="91" count="1" type="stmt"/>
            <line num="94" count="1" type="stmt"/>
            <line complexity="1" visibility="public" signature="testDecryptWithFullBlock() : void" num="97" testsuccess="true" count="1" testduration="0.0" type="method"/>
            <line num="99" count="1" type="stmt"/>
            <line num="100" count="1" type="stmt"/>
            <line num="103" count="1" type="stmt"/>
            <line complexity="1" visibility="public" signature="testDecryptWithPartialBlock() : void" num="109" testsuccess="true" count="1" testduration="0.0" type="method"/>
            <line num="111" count="1" type="stmt"/>
            <line num="112" count="1" type="stmt"/>
            <line num="115" count="1" type="stmt"/>
            <line complexity="1" visibility="public" signature="testDecryptAndEncryptConsistency() : void" num="121" testsuccess="true" count="1" testduration="0.0" type="method"/>
            <line num="123" count="1" type="stmt"/>
            <line num="124" count="1" type="stmt"/>
            <line num="127" count="1" type="stmt"/>
            <line num="130" count="1" type="stmt"/>
            <line num="133" count="1" type="stmt"/>
            <line num="136" count="1" type="stmt"/>
         </file>
         <file path="C:\mooctest\projects\8601\126581\Square\src\test\java\net\mooctest\SquareCtsTest.java" name="SquareCtsTest.java">
            <metrics coveredelements="42" coveredconditionals="0" complexity="11" loc="144" coveredmethods="9" methods="9" elements="43" classes="1" ncloc="76" statements="34" conditionals="0" coveredstatements="33"/>
            <class name="SquareCtsTest">
               <metrics coveredelements="42" complexity="11" methods="9" testruns="7" statements="34" coveredconditionals="0" coveredmethods="9" elements="43" testfailures="0" testduration="0.0" conditionals="0" coveredstatements="33" testpasses="7"/>
            </class>
            <line complexity="1" visibility="public" signature="setUp() : void" num="17" count="7" type="method"/>
            <line num="20" count="7" type="stmt"/>
            <line num="21" count="7" type="stmt"/>
            <line num="22" count="7" type="stmt"/>
            <line complexity="1" visibility="public" signature="tearDown() : void" num="25" count="7" type="method"/>
            <line num="28" count="7" type="stmt"/>
            <line complexity="1" visibility="public" signature="testEncryptionAndDecryption() : void" num="31" testsuccess="true" count="1" testduration="0.0" type="method"/>
            <line num="33" count="1" type="stmt"/>
            <line num="34" count="1" type="stmt"/>
            <line num="37" count="1" type="stmt"/>
            <line num="40" count="1" type="stmt"/>
            <line complexity="2" visibility="public" signature="testEncryptionWithDifferentIVs() : void" num="46" testsuccess="true" count="1" testduration="0.0" type="method"/>
            <line num="48" count="1" type="stmt"/>
            <line num="49" count="1" type="stmt"/>
            <line num="50" count="1" type="stmt"/>
            <line num="53" count="1" type="stmt"/>
            <line num="54" count="1" type="stmt"/>
            <line num="55" count="1" type="stmt"/>
            <line num="56" count="1" type="stmt"/>
            <line num="57" count="1" type="stmt"/>
            <line num="67" count="1" type="stmt"/>
            <line complexity="2" visibility="public" signature="testPartialEncryptionAndDecryption() : void" num="70" testsuccess="true" count="1" testduration="0.0" type="method"/>
            <line num="72" count="1" type="stmt"/>
            <line num="73" count="1" type="stmt"/>
            <line num="76" count="1" type="stmt"/>
            <line num="77" count="1" type="stmt"/>
            <line num="81" count="1" type="stmt"/>
            <line num="82" count="1" type="stmt"/>
            <line num="85" count="0" type="stmt"/>
            <line complexity="1" visibility="public" signature="testDecryptWithZeroLength() : void" num="90" testsuccess="true" count="1" testduration="0.0" type="method"/>
            <line num="92" count="1" type="stmt"/>
            <line num="93" count="1" type="stmt"/>
            <line complexity="1" visibility="public" signature="testDecryptWithFullBlock() : void" num="102" testsuccess="true" count="1" testduration="0.0" type="method"/>
            <line num="104" count="1" type="stmt"/>
            <line num="105" count="1" type="stmt"/>
            <line num="108" count="1" type="stmt"/>
            <line complexity="1" visibility="public" signature="testDecryptWithPartialBlock() : void" num="114" testsuccess="true" count="1" testduration="0.0" type="method"/>
            <line num="116" count="1" type="stmt"/>
            <line num="117" count="1" type="stmt"/>
            <line num="120" count="1" type="stmt"/>
            <line complexity="1" visibility="public" signature="testDecryptAndEncryptConsistency() : void" num="126" testsuccess="true" count="1" testduration="0.0" type="method"/>
            <line num="128" count="1" type="stmt"/>
            <line num="129" count="1" type="stmt"/>
         </file>
         <file path="C:\mooctest\projects\8601\126581\Square\src\test\java\net\mooctest\SquareEcbTest.java" name="SquareEcbTest.java">
            <metrics coveredelements="16" coveredconditionals="0" complexity="4" loc="62" coveredmethods="4" methods="4" elements="16" classes="1" ncloc="34" statements="12" conditionals="0" coveredstatements="12"/>
            <class name="SquareEcbTest">
               <metrics coveredelements="16" complexity="4" methods="4" testruns="2" statements="12" coveredconditionals="0" coveredmethods="4" elements="16" testfailures="0" testduration="0.0" conditionals="0" coveredstatements="12" testpasses="2"/>
            </class>
            <line complexity="1" visibility="public" signature="setUp() : void" num="16" count="2" type="method"/>
            <line num="19" count="2" type="stmt"/>
            <line num="20" count="2" type="stmt"/>
            <line num="21" count="2" type="stmt"/>
            <line complexity="1" visibility="public" signature="tearDown() : void" num="24" count="2" type="method"/>
            <line num="27" count="2" type="stmt"/>
            <line complexity="1" visibility="public" signature="testEncryptionAndDecryption() : void" num="30" testsuccess="true" count="1" testduration="0.0" type="method"/>
            <line num="32" count="1" type="stmt"/>
            <line num="33" count="1" type="stmt"/>
            <line num="36" count="1" type="stmt"/>
            <line num="39" count="1" type="stmt"/>
            <line complexity="1" visibility="public" signature="testPartialEncryptionAndDecryption() : void" num="45" testsuccess="true" count="1" testduration="0.0" type="method"/>
            <line num="47" count="1" type="stmt"/>
            <line num="48" count="1" type="stmt"/>
            <line num="51" count="1" type="stmt"/>
            <line num="52" count="1" type="stmt"/>
         </file>
         <file path="C:\mooctest\projects\8601\126581\Square\src\test\java\net\mooctest\SquareOfbTest.java" name="SquareOfbTest.java">
            <metrics coveredelements="40" coveredconditionals="0" complexity="9" loc="121" coveredmethods="8" methods="8" elements="41" classes="1" ncloc="70" statements="33" conditionals="0" coveredstatements="32"/>
            <class name="SquareOfbTest">
               <metrics coveredelements="40" complexity="9" methods="8" testruns="6" statements="33" coveredconditionals="0" coveredmethods="8" elements="41" testfailures="0" testduration="0.0" conditionals="0" coveredstatements="32" testpasses="6"/>
            </class>
            <line complexity="1" visibility="public" signature="setUp() : void" num="18" count="6" type="method"/>
            <line num="21" count="6" type="stmt"/>
            <line num="22" count="6" type="stmt"/>
            <line num="23" count="6" type="stmt"/>
            <line complexity="1" visibility="public" signature="tearDown() : void" num="26" count="6" type="method"/>
            <line num="29" count="6" type="stmt"/>
            <line complexity="1" visibility="public" signature="testEncryptionAndDecryption() : void" num="32" testsuccess="true" count="1" testduration="0.0" type="method"/>
            <line num="34" count="1" type="stmt"/>
            <line num="35" count="1" type="stmt"/>
            <line num="38" count="1" type="stmt"/>
            <line num="41" count="1" type="stmt"/>
            <line complexity="2" visibility="public" signature="testPartialEncryptionAndDecryption() : void" num="47" testsuccess="true" count="1" testduration="0.0" type="method"/>
            <line num="49" count="1" type="stmt"/>
            <line num="50" count="1" type="stmt"/>
            <line num="53" count="1" type="stmt"/>
            <line num="54" count="1" type="stmt"/>
            <line num="55" count="1" type="stmt"/>
            <line num="56" count="1" type="stmt"/>
            <line num="59" count="0" type="stmt"/>
            <line complexity="1" visibility="public" signature="testEncryptWithZeroLength() : void" num="66" testsuccess="true" count="1" testduration="0.0" type="method"/>
            <line num="68" count="1" type="stmt"/>
            <line num="69" count="1" type="stmt"/>
            <line num="72" count="1" type="stmt"/>
            <line num="75" count="1" type="stmt"/>
            <line complexity="1" visibility="public" signature="testEncryptWithFullBlock() : void" num="78" testsuccess="true" count="1" testduration="0.0" type="method"/>
            <line num="80" count="1" type="stmt"/>
            <line num="81" count="1" type="stmt"/>
            <line num="84" count="1" type="stmt"/>
            <line num="87" count="1" type="stmt"/>
            <line complexity="1" visibility="public" signature="testEncryptWithPartialBlock() : void" num="90" testsuccess="true" count="1" testduration="0.0" type="method"/>
            <line num="92" count="1" type="stmt"/>
            <line num="93" count="1" type="stmt"/>
            <line num="96" count="1" type="stmt"/>
            <line num="99" count="1" type="stmt"/>
            <line complexity="1" visibility="public" signature="testEncryptAndDecryptConsistency() : void" num="102" testsuccess="true" count="1" testduration="0.0" type="method"/>
            <line num="104" count="1" type="stmt"/>
            <line num="105" count="1" type="stmt"/>
            <line num="108" count="1" type="stmt"/>
            <line num="111" count="1" type="stmt"/>
            <line num="114" count="1" type="stmt"/>
            <line num="117" count="1" type="stmt"/>
         </file>
         <file path="C:\mooctest\projects\8601\126581\Square\src\test\java\net\mooctest\SquareTest.java" name="SquareTest.java">
            <metrics coveredelements="25" coveredconditionals="2" complexity="4" loc="66" coveredmethods="2" methods="2" elements="26" classes="1" ncloc="36" statements="22" conditionals="2" coveredstatements="21"/>
            <class name="SquareTest">
               <metrics coveredelements="25" complexity="4" methods="2" testruns="2" statements="22" coveredconditionals="2" coveredmethods="2" elements="26" testfailures="0" testduration="0.0" conditionals="2" coveredstatements="21" testpasses="2"/>
            </class>
            <line complexity="2" visibility="public" signature="testEncryptionDecryption() : void" num="10" testsuccess="true" count="1" testduration="0.0" type="method"/>
            <line num="12" count="1" type="stmt"/>
            <line num="13" count="1" type="stmt"/>
            <line num="16" count="1" type="stmt"/>
            <line num="17" count="1" type="stmt"/>
            <line num="18" count="1" type="stmt"/>
            <line num="22" count="1" type="stmt"/>
            <line falsecount="1" truecount="16" num="22" type="cond"/>
            <line num="23" count="16" type="stmt"/>
            <line num="27" count="1" type="stmt"/>
            <line num="30" count="1" type="stmt"/>
            <line num="33" count="1" type="stmt"/>
            <line complexity="2" visibility="public" signature="testKeyVariations() : void" num="36" testsuccess="true" count="1" testduration="0.0" type="method"/>
            <line num="39" count="1" type="stmt"/>
            <line num="40" count="1" type="stmt"/>
            <line num="41" count="1" type="stmt"/>
            <line num="42" count="1" type="stmt"/>
            <line num="45" count="1" type="stmt"/>
            <line num="46" count="1" type="stmt"/>
            <line num="47" count="1" type="stmt"/>
            <line num="50" count="1" type="stmt"/>
            <line num="51" count="1" type="stmt"/>
            <line num="55" count="1" type="stmt"/>
            <line num="56" count="1" type="stmt"/>
            <line num="59" count="0" type="stmt"/>
         </file>
      </package>
   </testproject>
</coverage>