<?xml version="1.0" encoding="UTF-8"?>
<coverage generated="1697946843017" clover="4.4.1">
   <project name="SimpleAlgorithms 0.0.1-SNAPSHOT" timestamp="1697946840890">
      <metrics coveredelements="572" complexity="174" loc="1234" methods="65" classes="13" statements="439" packages="1" coveredconditionals="153" coveredmethods="53" elements="696" ncloc="755" files="6" conditionals="192" coveredstatements="366"/>
      <package name="net.mooctest">
         <metrics coveredelements="572" complexity="174" loc="1234" methods="65" classes="13" statements="439" coveredconditionals="153" coveredmethods="53" elements="696" ncloc="755" files="6" conditionals="192" coveredstatements="366"/>
         <file path="C:\mooctest\projects\7823\126581\SimpleAlgorithms\src\main\java\net\mooctest\BPlusTree.java" name="BPlusTree.java">
            <metrics coveredelements="149" coveredconditionals="34" complexity="75" loc="419" coveredmethods="22" methods="34" elements="249" classes="5" ncloc="301" statements="153" conditionals="62" coveredstatements="93"/>
            <class name="BPlusTree">
               <metrics coveredelements="46" coveredconditionals="11" complexity="14" coveredmethods="7" methods="7" elements="52" statements="31" conditionals="14" coveredstatements="28"/>
            </class>
            <class name="BPlusTree.RangePolicy">
               <metrics coveredelements="0" coveredconditionals="0" complexity="0" coveredmethods="0" methods="0" elements="0" statements="0" conditionals="0" coveredstatements="0"/>
            </class>
            <class name="BPlusTree.Node">
               <metrics coveredelements="4" coveredconditionals="0" complexity="2" coveredmethods="2" methods="2" elements="4" statements="2" conditionals="0" coveredstatements="2"/>
            </class>
            <class name="BPlusTree.InternalNode">
               <metrics coveredelements="29" coveredconditionals="7" complexity="30" coveredmethods="5" methods="15" elements="112" statements="67" conditionals="30" coveredstatements="17"/>
            </class>
            <class name="BPlusTree.LeafNode">
               <metrics coveredelements="70" coveredconditionals="16" complexity="29" coveredmethods="8" methods="10" elements="81" statements="53" conditionals="18" coveredstatements="46"/>
            </class>
            <line complexity="1" visibility="public" signature="BPlusTree()" num="33" count="2" type="method"/>
            <line num="34" count="2" type="stmt"/>
            <line complexity="2" visibility="public" signature="BPlusTree(int)" num="37" count="4" type="method"/>
            <line num="38" count="4" type="stmt"/>
            <line falsecount="3" truecount="1" num="38" type="cond"/>
            <line num="39" count="1" type="stmt"/>
            <line num="41" count="3" type="stmt"/>
            <line num="42" count="3" type="stmt"/>
            <line complexity="1" visibility="public" signature="search(K) : V" num="60" count="11" type="method"/>
            <line num="61" count="11" type="stmt"/>
            <line complexity="1" visibility="public" signature="searchRange(K,RangePolicy,K,RangePolicy) : List&lt;V&gt;" num="81" count="1" type="method"/>
            <line num="83" count="1" type="stmt"/>
            <line complexity="1" visibility="public" signature="insert(K,V) : void" num="96" count="70" type="method"/>
            <line num="97" count="70" type="stmt"/>
            <line complexity="1" visibility="public" signature="delete(K) : void" num="106" count="11" type="method"/>
            <line num="107" count="11" type="stmt"/>
            <line complexity="7" visibility="public" signature="toString() : String" num="110" count="1" type="method"/>
            <line num="111" count="1" type="stmt"/>
            <line num="112" count="1" type="stmt"/>
            <line num="113" count="1" type="stmt"/>
            <line num="114" count="1" type="stmt"/>
            <line falsecount="1" truecount="1" num="114" type="cond"/>
            <line num="115" count="1" type="stmt"/>
            <line num="116" count="1" type="stmt"/>
            <line falsecount="1" truecount="1" num="116" type="cond"/>
            <line num="117" count="1" type="stmt"/>
            <line num="118" count="1" type="stmt"/>
            <line num="119" count="1" type="stmt"/>
            <line num="120" count="1" type="stmt"/>
            <line falsecount="1" truecount="1" num="120" type="cond"/>
            <line num="121" count="1" type="stmt"/>
            <line num="122" count="1" type="stmt"/>
            <line num="123" count="1" type="stmt"/>
            <line falsecount="1" truecount="0" num="123" type="cond"/>
            <line num="124" count="0" type="stmt"/>
            <line num="125" count="1" type="stmt"/>
            <line falsecount="1" truecount="0" num="125" type="cond"/>
            <line num="126" count="0" type="stmt"/>
            <line num="128" count="1" type="stmt"/>
            <line num="129" count="1" type="stmt"/>
            <line falsecount="1" truecount="0" num="129" type="cond"/>
            <line num="130" count="0" type="stmt"/>
            <line num="132" count="1" type="stmt"/>
            <line num="134" count="1" type="stmt"/>
            <line num="137" count="1" type="stmt"/>
            <line complexity="1" visibility="package" signature="keyNumber() : int" num="143" count="4" type="method"/>
            <line num="144" count="4" type="stmt"/>
            <line complexity="1" visibility="public" signature="toString() : String" num="166" count="1" type="method"/>
            <line num="167" count="1" type="stmt"/>
            <line complexity="1" visibility="package" signature="InternalNode()" num="174" count="1" type="method"/>
            <line num="175" count="1" type="stmt"/>
            <line num="176" count="1" type="stmt"/>
            <line complexity="1" visibility="package" signature="getValue(K) : V" num="179" count="0" type="method"/>
            <line num="181" count="0" type="stmt"/>
            <line complexity="6" visibility="package" signature="deleteValue(K) : void" num="184" count="0" type="method"/>
            <line num="186" count="0" type="stmt"/>
            <line num="187" count="0" type="stmt"/>
            <line num="188" count="0" type="stmt"/>
            <line falsecount="0" truecount="0" num="188" type="cond"/>
            <line num="189" count="0" type="stmt"/>
            <line num="190" count="0" type="stmt"/>
            <line num="191" count="0" type="stmt"/>
            <line falsecount="0" truecount="0" num="191" type="cond"/>
            <line num="192" count="0" type="stmt"/>
            <line falsecount="0" truecount="0" num="192" type="cond"/>
            <line num="194" count="0" type="stmt"/>
            <line num="195" count="0" type="stmt"/>
            <line num="196" count="0" type="stmt"/>
            <line falsecount="0" truecount="0" num="196" type="cond"/>
            <line num="197" count="0" type="stmt"/>
            <line num="198" count="0" type="stmt"/>
            <line num="200" count="0" type="stmt"/>
            <line falsecount="0" truecount="0" num="200" type="cond"/>
            <line num="201" count="0" type="stmt"/>
            <line complexity="3" visibility="package" signature="insertValue(K,V) : void" num="205" count="17" type="method"/>
            <line num="207" count="17" type="stmt"/>
            <line num="208" count="17" type="stmt"/>
            <line num="209" count="17" type="stmt"/>
            <line falsecount="16" truecount="1" num="209" type="cond"/>
            <line num="210" count="1" type="stmt"/>
            <line num="211" count="1" type="stmt"/>
            <line num="213" count="17" type="stmt"/>
            <line falsecount="17" truecount="0" num="213" type="cond"/>
            <line num="214" count="0" type="stmt"/>
            <line num="215" count="0" type="stmt"/>
            <line num="216" count="0" type="stmt"/>
            <line num="217" count="0" type="stmt"/>
            <line num="218" count="0" type="stmt"/>
            <line num="219" count="0" type="stmt"/>
            <line complexity="1" visibility="package" signature="getFirstLeafKey() : K" num="223" count="0" type="method"/>
            <line num="225" count="0" type="stmt"/>
            <line complexity="1" visibility="package" signature="getRange(K,RangePolicy,K,RangePolicy) : List&lt;V&gt;" num="228" count="0" type="method"/>
            <line num="231" count="0" type="stmt"/>
            <line complexity="1" visibility="package" signature="merge(Node) : void" num="234" count="0" type="method"/>
            <line num="236" count="0" type="stmt"/>
            <line num="238" count="0" type="stmt"/>
            <line num="239" count="0" type="stmt"/>
            <line num="240" count="0" type="stmt"/>
            <line complexity="1" visibility="package" signature="split() : Node" num="244" count="0" type="method"/>
            <line num="246" count="0" type="stmt"/>
            <line num="247" count="0" type="stmt"/>
            <line num="248" count="0" type="stmt"/>
            <line num="249" count="0" type="stmt"/>
            <line num="251" count="0" type="stmt"/>
            <line num="252" count="0" type="stmt"/>
            <line num="254" count="0" type="stmt"/>
            <line complexity="1" visibility="package" signature="isOverflow() : boolean" num="257" count="34" type="method"/>
            <line num="259" count="34" type="stmt"/>
            <line complexity="1" visibility="package" signature="isUnderflow() : boolean" num="262" count="0" type="method"/>
            <line num="264" count="0" type="stmt"/>
            <line complexity="2" visibility="package" signature="getChild(K) : Node" num="267" count="17" type="method"/>
            <line num="268" count="17" type="stmt"/>
            <line num="269" count="17" type="stmt"/>
            <line falsecount="7" truecount="10" num="269" type="cond"/>
            <line num="270" count="17" type="stmt"/>
            <line complexity="2" visibility="package" signature="deleteChild(K) : void" num="273" count="0" type="method"/>
            <line num="274" count="0" type="stmt"/>
            <line num="275" count="0" type="stmt"/>
            <line falsecount="0" truecount="0" num="275" type="cond"/>
            <line num="276" count="0" type="stmt"/>
            <line num="277" count="0" type="stmt"/>
            <line complexity="3" visibility="package" signature="insertChild(K,Node) : void" num="281" count="1" type="method"/>
            <line num="282" count="1" type="stmt"/>
            <line num="283" count="1" type="stmt"/>
            <line falsecount="1" truecount="0" num="283" type="cond"/>
            <line num="284" count="1" type="stmt"/>
            <line falsecount="1" truecount="0" num="284" type="cond"/>
            <line num="285" count="0" type="stmt"/>
            <line num="287" count="1" type="stmt"/>
            <line num="288" count="1" type="stmt"/>
            <line complexity="3" visibility="package" signature="getChildLeftSibling(K) : Node" num="292" count="0" type="method"/>
            <line num="293" count="0" type="stmt"/>
            <line num="294" count="0" type="stmt"/>
            <line falsecount="0" truecount="0" num="294" type="cond"/>
            <line num="295" count="0" type="stmt"/>
            <line falsecount="0" truecount="0" num="295" type="cond"/>
            <line num="296" count="0" type="stmt"/>
            <line num="298" count="0" type="stmt"/>
            <line complexity="3" visibility="package" signature="getChildRightSibling(K) : Node" num="301" count="0" type="method"/>
            <line num="302" count="0" type="stmt"/>
            <line num="303" count="0" type="stmt"/>
            <line falsecount="0" truecount="0" num="303" type="cond"/>
            <line num="304" count="0" type="stmt"/>
            <line falsecount="0" truecount="0" num="304" type="cond"/>
            <line num="305" count="0" type="stmt"/>
            <line num="307" count="0" type="stmt"/>
            <line complexity="1" visibility="package" signature="LeafNode()" num="315" count="5" type="method"/>
            <line num="316" count="5" type="stmt"/>
            <line num="317" count="5" type="stmt"/>
            <line complexity="2" visibility="package" signature="getValue(K) : V" num="320" count="11" type="method"/>
            <line num="322" count="11" type="stmt"/>
            <line num="323" count="11" type="stmt"/>
            <line falsecount="1" truecount="10" num="323" type="cond"/>
            <line complexity="2" visibility="package" signature="deleteValue(K) : void" num="326" count="11" type="method"/>
            <line num="328" count="11" type="stmt"/>
            <line num="329" count="11" type="stmt"/>
            <line falsecount="1" truecount="10" num="329" type="cond"/>
            <line num="330" count="10" type="stmt"/>
            <line num="331" count="10" type="stmt"/>
            <line complexity="4" visibility="package" signature="insertValue(K,V) : void" num="335" count="70" type="method"/>
            <line num="337" count="70" type="stmt"/>
            <line num="338" count="70" type="stmt"/>
            <line falsecount="20" truecount="50" num="338" type="cond"/>
            <line num="339" count="70" type="stmt"/>
            <line falsecount="20" truecount="50" num="339" type="cond"/>
            <line num="340" count="50" type="stmt"/>
            <line num="342" count="20" type="stmt"/>
            <line num="343" count="20" type="stmt"/>
            <line num="345" count="70" type="stmt"/>
            <line falsecount="69" truecount="1" num="345" type="cond"/>
            <line num="346" count="1" type="stmt"/>
            <line num="347" count="1" type="stmt"/>
            <line num="348" count="1" type="stmt"/>
            <line num="349" count="1" type="stmt"/>
            <line num="350" count="1" type="stmt"/>
            <line num="351" count="1" type="stmt"/>
            <line complexity="1" visibility="package" signature="getFirstLeafKey() : K" num="355" count="2" type="method"/>
            <line num="357" count="2" type="stmt"/>
            <line complexity="15" visibility="package" signature="getRange(K,RangePolicy,K,RangePolicy) : List&lt;V&gt;" num="360" count="1" type="method"/>
            <line num="363" count="1" type="stmt"/>
            <line num="364" count="1" type="stmt"/>
            <line num="365" count="1" type="stmt"/>
            <line falsecount="0" truecount="1" num="365" type="cond"/>
            <line num="366" count="1" type="stmt"/>
            <line num="367" count="1" type="stmt"/>
            <line num="368" count="1" type="stmt"/>
            <line falsecount="0" truecount="4" num="368" type="cond"/>
            <line num="369" count="4" type="stmt"/>
            <line num="370" count="4" type="stmt"/>
            <line num="371" count="4" type="stmt"/>
            <line num="372" count="4" type="stmt"/>
            <line num="373" count="4" type="stmt"/>
            <line falsecount="2" truecount="2" num="373" type="cond"/>
            <line num="375" count="2" type="stmt"/>
            <line num="376" count="2" type="stmt"/>
            <line falsecount="1" truecount="1" num="376" type="cond"/>
            <line num="378" count="1" type="stmt"/>
            <line num="380" count="0" type="stmt"/>
            <line num="382" count="0" type="stmt"/>
            <line complexity="1" visibility="package" signature="merge(Node) : void" num="385" count="0" type="method"/>
            <line num="387" count="0" type="stmt"/>
            <line num="389" count="0" type="stmt"/>
            <line num="390" count="0" type="stmt"/>
            <line num="391" count="0" type="stmt"/>
            <line complexity="1" visibility="package" signature="split() : Node" num="394" count="2" type="method"/>
            <line num="396" count="2" type="stmt"/>
            <line num="397" count="2" type="stmt"/>
            <line num="398" count="2" type="stmt"/>
            <line num="399" count="2" type="stmt"/>
            <line num="401" count="2" type="stmt"/>
            <line num="402" count="2" type="stmt"/>
            <line num="404" count="2" type="stmt"/>
            <line num="405" count="2" type="stmt"/>
            <line num="406" count="2" type="stmt"/>
            <line complexity="1" visibility="package" signature="isOverflow() : boolean" num="409" count="70" type="method"/>
            <line num="411" count="70" type="stmt"/>
            <line complexity="1" visibility="package" signature="isUnderflow() : boolean" num="414" count="0" type="method"/>
            <line num="416" count="0" type="stmt"/>
         </file>
         <file path="C:\mooctest\projects\7823\126581\SimpleAlgorithms\src\main\java\net\mooctest\BinaryExponentiation.java" name="BinaryExponentiation.java">
            <metrics coveredelements="23" coveredconditionals="8" complexity="6" loc="39" coveredmethods="2" methods="2" elements="23" classes="1" ncloc="24" statements="13" conditionals="8" coveredstatements="13"/>
            <class name="BinaryExponentiation">
               <metrics coveredelements="23" coveredconditionals="8" complexity="6" coveredmethods="2" methods="2" elements="23" statements="13" conditionals="8" coveredstatements="13"/>
            </class>
            <line complexity="3" visibility="public" signature="calculatePower(long,long) : long" num="16" count="6" type="method"/>
            <line num="17" count="6" type="stmt"/>
            <line falsecount="4" truecount="2" num="17" type="cond"/>
            <line num="18" count="2" type="stmt"/>
            <line num="20" count="4" type="stmt"/>
            <line num="21" count="4" type="stmt"/>
            <line falsecount="2" truecount="2" num="21" type="cond"/>
            <line num="22" count="2" type="stmt"/>
            <line num="24" count="2" type="stmt"/>
            <line complexity="3" visibility="package" signature="power(long,long) : long" num="28" count="1" type="method"/>
            <line num="29" count="1" type="stmt"/>
            <line num="30" count="1" type="stmt"/>
            <line falsecount="1" truecount="2" num="30" type="cond"/>
            <line num="31" count="2" type="stmt"/>
            <line falsecount="1" truecount="1" num="31" type="cond"/>
            <line num="32" count="1" type="stmt"/>
            <line num="34" count="2" type="stmt"/>
            <line num="35" count="2" type="stmt"/>
            <line num="37" count="1" type="stmt"/>
         </file>
         <file path="C:\mooctest\projects\7823\126581\SimpleAlgorithms\src\main\java\net\mooctest\ClosestPair.java" name="ClosestPair.java">
            <metrics coveredelements="195" coveredconditionals="47" complexity="39" loc="343" coveredmethods="13" methods="13" elements="208" classes="2" ncloc="211" statements="143" conditionals="52" coveredstatements="135"/>
            <class name="ClosestPair">
               <metrics coveredelements="192" coveredconditionals="47" complexity="38" coveredmethods="12" methods="12" elements="205" statements="141" conditionals="52" coveredstatements="133"/>
            </class>
            <class name="ClosestPair.Location">
               <metrics coveredelements="3" coveredconditionals="0" complexity="1" coveredmethods="1" methods="1" elements="3" statements="2" conditionals="0" coveredstatements="2"/>
            </class>
            <line complexity="1" visibility="public" signature="setMinNum(double) : void" num="31" count="6" type="method"/>
            <line num="32" count="6" type="stmt"/>
            <line complexity="1" visibility="public" signature="setSecondCount(int) : void" num="35" count="15" type="method"/>
            <line num="36" count="15" type="stmt"/>
            <line complexity="1" visibility="package" signature="ClosestPair(int)" num="47" count="2" type="method"/>
            <line num="48" count="2" type="stmt"/>
            <line num="49" count="2" type="stmt"/>
            <line complexity="1" visibility="package" signature="Location(double,double)" num="64" count="12" type="method"/>
            <line num="65" count="12" type="stmt"/>
            <line num="66" count="12" type="stmt"/>
            <line complexity="1" visibility="public" signature="createLocation(int) : Location[]" num="70" count="1" type="method"/>
            <line num="71" count="1" type="stmt"/>
            <line complexity="1" visibility="public" signature="buildLocation(double,double) : Location" num="74" count="12" type="method"/>
            <line num="75" count="12" type="stmt"/>
            <line complexity="3" visibility="public" signature="xPartition(Location[],int,int) : int" num="86" count="10" type="method"/>
            <line num="87" count="10" type="stmt"/>
            <line num="88" count="10" type="stmt"/>
            <line num="89" count="10" type="stmt"/>
            <line num="90" count="10" type="stmt"/>
            <line falsecount="10" truecount="36" num="90" type="cond"/>
            <line num="91" count="36" type="stmt"/>
            <line falsecount="6" truecount="30" num="91" type="cond"/>
            <line num="92" count="30" type="stmt"/>
            <line num="93" count="30" type="stmt"/>
            <line num="94" count="30" type="stmt"/>
            <line num="95" count="30" type="stmt"/>
            <line num="98" count="10" type="stmt"/>
            <line num="99" count="10" type="stmt"/>
            <line num="100" count="10" type="stmt"/>
            <line num="101" count="10" type="stmt"/>
            <line num="102" count="10" type="stmt"/>
            <line complexity="3" visibility="public" signature="yPartition(Location[],int,int) : int" num="113" count="6" type="method"/>
            <line num="114" count="6" type="stmt"/>
            <line num="115" count="6" type="stmt"/>
            <line num="116" count="6" type="stmt"/>
            <line num="117" count="6" type="stmt"/>
            <line falsecount="6" truecount="14" num="117" type="cond"/>
            <line num="118" count="14" type="stmt"/>
            <line falsecount="4" truecount="10" num="118" type="cond"/>
            <line num="119" count="10" type="stmt"/>
            <line num="120" count="10" type="stmt"/>
            <line num="121" count="10" type="stmt"/>
            <line num="122" count="10" type="stmt"/>
            <line num="125" count="6" type="stmt"/>
            <line num="126" count="6" type="stmt"/>
            <line num="127" count="6" type="stmt"/>
            <line num="128" count="6" type="stmt"/>
            <line num="129" count="6" type="stmt"/>
            <line complexity="2" visibility="public" signature="xQuickSort(Location[],int,int) : void" num="139" count="21" type="method"/>
            <line num="140" count="21" type="stmt"/>
            <line falsecount="11" truecount="10" num="140" type="cond"/>
            <line num="141" count="10" type="stmt"/>
            <line num="142" count="10" type="stmt"/>
            <line num="143" count="10" type="stmt"/>
            <line complexity="2" visibility="public" signature="yQuickSort(Location[],int,int) : void" num="154" count="15" type="method"/>
            <line num="155" count="15" type="stmt"/>
            <line falsecount="9" truecount="6" num="155" type="cond"/>
            <line num="156" count="6" type="stmt"/>
            <line num="157" count="6" type="stmt"/>
            <line num="158" count="6" type="stmt"/>
            <line complexity="13" visibility="public" signature="closestPair(Location[],int) : double" num="169" count="7" type="method"/>
            <line num="170" count="7" type="stmt"/>
            <line num="171" count="7" type="stmt"/>
            <line num="172" count="7" type="stmt"/>
            <line num="173" count="7" type="stmt"/>
            <line num="175" count="7" type="stmt"/>
            <line num="176" count="7" type="stmt"/>
            <line falsecount="3" truecount="4" num="176" type="cond"/>
            <line num="177" count="4" type="stmt"/>
            <line num="180" count="3" type="stmt"/>
            <line num="182" count="3" type="stmt"/>
            <line num="184" count="3" type="stmt"/>
            <line num="185" count="3" type="stmt"/>
            <line num="186" count="3" type="stmt"/>
            <line num="188" count="3" type="stmt"/>
            <line num="189" count="3" type="stmt"/>
            <line num="191" count="3" type="stmt"/>
            <line num="195" count="3" type="stmt"/>
            <line falsecount="1" truecount="20" num="195" type="cond"/>
            <line num="196" count="20" type="stmt"/>
            <line num="197" count="20" type="stmt"/>
            <line falsecount="8" truecount="12" num="197" type="cond"/>
            <line num="198" count="12" type="stmt"/>
            <line num="200" count="8" type="stmt"/>
            <line falsecount="6" truecount="2" num="200" type="cond"/>
            <line num="201" count="2" type="stmt"/>
            <line num="206" count="3" type="stmt"/>
            <line num="207" count="3" type="stmt"/>
            <line num="208" count="3" type="stmt"/>
            <line falsecount="1" truecount="20" num="208" type="cond"/>
            <line num="209" count="20" type="stmt"/>
            <line num="210" count="20" type="stmt"/>
            <line falsecount="8" truecount="12" num="210" type="cond"/>
            <line num="211" count="12" type="stmt"/>
            <line num="212" count="12" type="stmt"/>
            <line num="214" count="8" type="stmt"/>
            <line falsecount="6" truecount="2" num="214" type="cond"/>
            <line num="215" count="2" type="stmt"/>
            <line num="219" count="3" type="stmt"/>
            <line num="221" count="3" type="stmt"/>
            <line num="223" count="3" type="stmt"/>
            <line falsecount="3" truecount="9" num="223" type="cond"/>
            <line num="224" count="9" type="stmt"/>
            <line falsecount="1" truecount="13" num="224" type="cond"/>
            <line num="225" count="13" type="stmt"/>
            <line num="226" count="13" type="stmt"/>
            <line num="227" count="13" type="stmt"/>
            <line falsecount="8" truecount="5" num="227" type="cond"/>
            <line num="228" count="5" type="stmt"/>
            <line num="230" count="5" type="stmt"/>
            <line falsecount="3" truecount="2" num="230" type="cond"/>
            <line num="232" count="2" type="stmt"/>
            <line num="234" count="2" type="stmt"/>
            <line falsecount="0" truecount="2" num="234" type="cond"/>
            <line num="235" count="2" type="stmt"/>
            <line num="236" count="2" type="stmt"/>
            <line num="237" count="2" type="stmt"/>
            <line num="241" count="8" type="stmt"/>
            <line num="245" count="3" type="stmt"/>
            <line num="246" count="3" type="stmt"/>
            <line complexity="8" visibility="public" signature="bruteForce(Location[]) : double" num="255" count="4" type="method"/>
            <line num="256" count="4" type="stmt"/>
            <line num="257" count="4" type="stmt"/>
            <line num="258" count="4" type="stmt"/>
            <line num="259" count="4" type="stmt"/>
            <line num="260" count="4" type="stmt"/>
            <line num="262" count="4" type="stmt"/>
            <line falsecount="4" truecount="0" num="262" type="cond"/>
            <line num="264" count="0" type="stmt"/>
            <line num="266" count="0" type="stmt"/>
            <line num="268" count="0" type="stmt"/>
            <line num="270" count="0" type="stmt"/>
            <line falsecount="0" truecount="0" num="270" type="cond"/>
            <line num="271" count="0" type="stmt"/>
            <line num="273" count="0" type="stmt"/>
            <line num="274" count="0" type="stmt"/>
            <line num="275" count="0" type="stmt"/>
            <line num="277" count="4" type="stmt"/>
            <line falsecount="0" truecount="4" num="277" type="cond"/>
            <line num="278" count="4" type="stmt"/>
            <line falsecount="4" truecount="8" num="278" type="cond"/>
            <line num="279" count="8" type="stmt"/>
            <line falsecount="8" truecount="12" num="279" type="cond"/>
            <line num="281" count="12" type="stmt"/>
            <line num="283" count="12" type="stmt"/>
            <line num="285" count="12" type="stmt"/>
            <line num="287" count="12" type="stmt"/>
            <line falsecount="6" truecount="6" num="287" type="cond"/>
            <line num="289" count="6" type="stmt"/>
            <line num="290" count="6" type="stmt"/>
            <line falsecount="2" truecount="4" num="290" type="cond"/>
            <line num="292" count="4" type="stmt"/>
            <line num="293" count="4" type="stmt"/>
            <line num="294" count="4" type="stmt"/>
            <line num="299" count="4" type="stmt"/>
            <line num="301" count="4" type="stmt"/>
            <line complexity="2" visibility="public" signature="main(String[]) : void" num="309" count="1" type="method"/>
            <line num="311" count="1" type="stmt"/>
            <line num="312" count="1" type="stmt"/>
            <line num="313" count="1" type="stmt"/>
            <line num="314" count="1" type="stmt"/>
            <line num="315" count="1" type="stmt"/>
            <line num="316" count="1" type="stmt"/>
            <line num="317" count="1" type="stmt"/>
            <line num="318" count="1" type="stmt"/>
            <line num="319" count="1" type="stmt"/>
            <line num="320" count="1" type="stmt"/>
            <line num="321" count="1" type="stmt"/>
            <line num="322" count="1" type="stmt"/>
            <line num="323" count="1" type="stmt"/>
            <line num="325" count="1" type="stmt"/>
            <line num="326" count="1" type="stmt"/>
            <line num="327" count="1" type="stmt"/>
            <line falsecount="1" truecount="12" num="327" type="cond"/>
            <line num="328" count="12" type="stmt"/>
            <line num="331" count="1" type="stmt"/>
            <line num="333" count="1" type="stmt"/>
            <line num="335" count="1" type="stmt"/>
            <line num="338" count="1" type="stmt"/>
            <line num="339" count="1" type="stmt"/>
            <line num="340" count="1" type="stmt"/>
            <line num="341" count="1" type="stmt"/>
         </file>
         <file path="C:\mooctest\projects\7823\126581\SimpleAlgorithms\src\main\java\net\mooctest\MaximumMinimumWindow.java" name="MaximumMinimumWindow.java">
            <metrics coveredelements="61" coveredconditionals="25" complexity="17" loc="105" coveredmethods="2" methods="2" elements="62" classes="1" ncloc="55" statements="34" conditionals="26" coveredstatements="34"/>
            <class name="MaximumMinimumWindow">
               <metrics coveredelements="61" coveredconditionals="25" complexity="17" coveredmethods="2" methods="2" elements="62" statements="34" conditionals="26" coveredstatements="34"/>
            </class>
            <line complexity="15" visibility="public" signature="calculateMaxOfMin(int[],int) : int[]" num="40" count="2" type="method"/>
            <line num="41" count="2" type="stmt"/>
            <line num="42" count="2" type="stmt"/>
            <line num="43" count="2" type="stmt"/>
            <line num="44" count="2" type="stmt"/>
            <line falsecount="2" truecount="10" num="44" type="cond"/>
            <line num="45" count="10" type="stmt"/>
            <line num="46" count="10" type="stmt"/>
            <line num="49" count="2" type="stmt"/>
            <line falsecount="2" truecount="10" num="49" type="cond"/>
            <line num="50" count="10" type="stmt"/>
            <line falsecount="10" truecount="5" num="50" type="cond"/>
            <line num="51" count="5" type="stmt"/>
            <line num="54" count="10" type="stmt"/>
            <line falsecount="3" truecount="7" num="54" type="cond"/>
            <line num="55" count="7" type="stmt"/>
            <line num="58" count="10" type="stmt"/>
            <line num="61" count="2" type="stmt"/>
            <line falsecount="2" truecount="5" num="61" type="cond"/>
            <line num="62" count="5" type="stmt"/>
            <line num="65" count="2" type="stmt"/>
            <line falsecount="2" truecount="10" num="65" type="cond"/>
            <line num="66" count="10" type="stmt"/>
            <line falsecount="10" truecount="8" num="66" type="cond"/>
            <line num="67" count="8" type="stmt"/>
            <line num="70" count="10" type="stmt"/>
            <line falsecount="6" truecount="4" num="70" type="cond"/>
            <line num="71" count="4" type="stmt"/>
            <line num="74" count="10" type="stmt"/>
            <line num="77" count="2" type="stmt"/>
            <line num="78" count="2" type="stmt"/>
            <line falsecount="2" truecount="12" num="78" type="cond"/>
            <line num="79" count="12" type="stmt"/>
            <line num="82" count="2" type="stmt"/>
            <line falsecount="2" truecount="10" num="82" type="cond"/>
            <line num="83" count="10" type="stmt"/>
            <line num="85" count="10" type="stmt"/>
            <line num="88" count="2" type="stmt"/>
            <line falsecount="2" truecount="8" num="88" type="cond"/>
            <line num="89" count="8" type="stmt"/>
            <line num="93" count="2" type="stmt"/>
            <line falsecount="2" truecount="10" num="93" type="cond"/>
            <line num="94" count="10" type="stmt"/>
            <line num="96" count="2" type="stmt"/>
            <line complexity="2" visibility="public" signature="main(String[]) : void" num="99" count="1" type="method"/>
            <line num="100" count="1" type="stmt"/>
            <line num="101" count="1" type="stmt"/>
            <line num="102" count="1" type="stmt"/>
            <line falsecount="1" truecount="0" num="103" type="cond"/>
         </file>
         <file path="C:\mooctest\projects\7823\126581\SimpleAlgorithms\src\main\java\net\mooctest\SkylineAlgorithm.java" name="SkylineAlgorithm.java">
            <metrics coveredelements="67" coveredconditionals="21" complexity="23" loc="185" coveredmethods="9" methods="9" elements="77" classes="3" ncloc="87" statements="42" conditionals="26" coveredstatements="37"/>
            <class name="SkylineAlgorithm">
               <metrics coveredelements="56" coveredconditionals="21" complexity="18" coveredmethods="4" methods="4" elements="66" statements="36" conditionals="26" coveredstatements="31"/>
            </class>
            <class name="SkylineAlgorithm.Point">
               <metrics coveredelements="9" coveredconditionals="0" complexity="4" coveredmethods="4" methods="4" elements="9" statements="5" conditionals="0" coveredstatements="5"/>
            </class>
            <class name="SkylineAlgorithm.XComparator">
               <metrics coveredelements="2" coveredconditionals="0" complexity="1" coveredmethods="1" methods="1" elements="2" statements="1" conditionals="0" coveredstatements="1"/>
            </class>
            <line complexity="1" visibility="public" signature="SkylineAlgorithm()" num="21" count="2" type="method"/>
            <line num="22" count="2" type="stmt"/>
            <line complexity="1" visibility="public" signature="getPoints() : ArrayList&lt;Point&gt;" num="28" count="1" type="method"/>
            <line num="29" count="1" type="stmt"/>
            <line complexity="7" visibility="public" signature="produceSubSkyLines(ArrayList&lt;Point&gt;) : ArrayList&lt;Point&gt;" num="48" count="6" type="method"/>
            <line num="50" count="6" type="stmt"/>
            <line num="51" count="6" type="stmt"/>
            <line falsecount="5" truecount="1" num="51" type="cond"/>
            <line num="52" count="1" type="stmt"/>
            <line num="53" count="5" type="stmt"/>
            <line falsecount="1" truecount="4" num="53" type="cond"/>
            <line num="54" count="4" type="stmt"/>
            <line falsecount="2" truecount="2" num="54" type="cond"/>
            <line num="55" count="2" type="stmt"/>
            <line num="57" count="2" type="stmt"/>
            <line falsecount="1" truecount="1" num="57" type="cond"/>
            <line num="58" count="1" type="stmt"/>
            <line num="61" count="4" type="stmt"/>
            <line num="65" count="1" type="stmt"/>
            <line num="66" count="1" type="stmt"/>
            <line num="67" count="1" type="stmt"/>
            <line falsecount="1" truecount="4" num="67" type="cond"/>
            <line num="68" count="4" type="stmt"/>
            <line falsecount="2" truecount="2" num="68" type="cond"/>
            <line num="69" count="2" type="stmt"/>
            <line num="71" count="2" type="stmt"/>
            <line num="74" count="1" type="stmt"/>
            <line num="75" count="1" type="stmt"/>
            <line num="78" count="1" type="stmt"/>
            <line complexity="9" visibility="public" signature="produceFinalSkyLine(ArrayList&lt;Point&gt;,ArrayList&lt;Point&gt;) : ArrayList&lt;Point&gt;" num="96" count="3" type="method"/>
            <line num="98" count="3" type="stmt"/>
            <line falsecount="3" truecount="3" num="98" type="cond"/>
            <line num="99" count="3" type="stmt"/>
            <line falsecount="3" truecount="0" num="99" type="cond"/>
            <line num="100" count="0" type="stmt"/>
            <line num="101" count="0" type="stmt"/>
            <line num="106" count="3" type="stmt"/>
            <line num="107" count="3" type="stmt"/>
            <line falsecount="3" truecount="3" num="107" type="cond"/>
            <line num="108" count="3" type="stmt"/>
            <line falsecount="3" truecount="0" num="108" type="cond"/>
            <line num="109" count="0" type="stmt"/>
            <line num="110" count="0" type="stmt"/>
            <line falsecount="0" truecount="0" num="110" type="cond"/>
            <line num="111" count="0" type="stmt"/>
            <line num="117" count="3" type="stmt"/>
            <line falsecount="3" truecount="3" num="117" type="cond"/>
            <line num="118" count="3" type="stmt"/>
            <line falsecount="0" truecount="3" num="118" type="cond"/>
            <line num="119" count="3" type="stmt"/>
            <line num="120" count="3" type="stmt"/>
            <line num="125" count="3" type="stmt"/>
            <line num="126" count="3" type="stmt"/>
            <line complexity="1" visibility="public" signature="Point(int,int)" num="141" count="13" type="method"/>
            <line num="142" count="13" type="stmt"/>
            <line num="143" count="13" type="stmt"/>
            <line complexity="1" visibility="public" signature="getX() : int" num="149" count="1" type="method"/>
            <line num="150" count="1" type="stmt"/>
            <line complexity="1" visibility="public" signature="getY() : int" num="156" count="1" type="method"/>
            <line num="157" count="1" type="stmt"/>
            <line complexity="1" visibility="public" signature="dominates(Point) : boolean" num="168" count="8" type="method"/>
            <line num="170" count="8" type="stmt"/>
            <line complexity="1" visibility="public" signature="compare(Point,Point) : int" num="180" count="1" type="method"/>
            <line num="182" count="1" type="stmt"/>
         </file>
         <file path="C:\mooctest\projects\7823\126581\SimpleAlgorithms\src\main\java\net\mooctest\StrassenMatrixMultiplication.java" name="StrassenMatrixMultiplication.java">
            <metrics coveredelements="77" coveredconditionals="18" complexity="14" loc="143" coveredmethods="5" methods="5" elements="77" classes="1" ncloc="77" statements="54" conditionals="18" coveredstatements="54"/>
            <class name="StrassenMatrixMultiplication">
               <metrics coveredelements="77" coveredconditionals="18" complexity="14" coveredmethods="5" methods="5" elements="77" statements="54" conditionals="18" coveredstatements="54"/>
            </class>
            <line complexity="2" visibility="public" signature="multiply(int[][],int[][]) : int[][]" num="22" count="8" type="method"/>
            <line num="23" count="8" type="stmt"/>
            <line num="25" count="8" type="stmt"/>
            <line num="27" count="8" type="stmt"/>
            <line falsecount="1" truecount="7" num="27" type="cond"/>
            <line num="28" count="7" type="stmt"/>
            <line num="32" count="1" type="stmt"/>
            <line num="33" count="1" type="stmt"/>
            <line num="34" count="1" type="stmt"/>
            <line num="35" count="1" type="stmt"/>
            <line num="36" count="1" type="stmt"/>
            <line num="37" count="1" type="stmt"/>
            <line num="38" count="1" type="stmt"/>
            <line num="39" count="1" type="stmt"/>
            <line num="42" count="1" type="stmt"/>
            <line num="43" count="1" type="stmt"/>
            <line num="44" count="1" type="stmt"/>
            <line num="45" count="1" type="stmt"/>
            <line num="48" count="1" type="stmt"/>
            <line num="49" count="1" type="stmt"/>
            <line num="50" count="1" type="stmt"/>
            <line num="51" count="1" type="stmt"/>
            <line num="55" count="1" type="stmt"/>
            <line num="58" count="1" type="stmt"/>
            <line num="61" count="1" type="stmt"/>
            <line num="64" count="1" type="stmt"/>
            <line num="67" count="1" type="stmt"/>
            <line num="70" count="1" type="stmt"/>
            <line num="73" count="1" type="stmt"/>
            <line num="76" count="1" type="stmt"/>
            <line num="79" count="1" type="stmt"/>
            <line num="82" count="1" type="stmt"/>
            <line num="85" count="1" type="stmt"/>
            <line num="87" count="1" type="stmt"/>
            <line num="88" count="1" type="stmt"/>
            <line num="89" count="1" type="stmt"/>
            <line num="90" count="1" type="stmt"/>
            <line num="93" count="8" type="stmt"/>
            <line complexity="3" visibility="public" signature="sub(int[][],int[][]) : int[][]" num="97" count="6" type="method"/>
            <line num="98" count="6" type="stmt"/>
            <line num="100" count="6" type="stmt"/>
            <line num="102" count="6" type="stmt"/>
            <line falsecount="6" truecount="6" num="102" type="cond"/>
            <line num="103" count="6" type="stmt"/>
            <line falsecount="6" truecount="6" num="103" type="cond"/>
            <line num="104" count="6" type="stmt"/>
            <line num="108" count="6" type="stmt"/>
            <line complexity="3" visibility="public" signature="add(int[][],int[][]) : int[][]" num="112" count="13" type="method"/>
            <line num="113" count="13" type="stmt"/>
            <line num="115" count="13" type="stmt"/>
            <line num="117" count="13" type="stmt"/>
            <line falsecount="13" truecount="14" num="117" type="cond"/>
            <line num="118" count="14" type="stmt"/>
            <line falsecount="14" truecount="16" num="118" type="cond"/>
            <line num="119" count="16" type="stmt"/>
            <line num="123" count="13" type="stmt"/>
            <line complexity="3" visibility="public" signature="split(int[][],int[][],int,int) : void" num="127" count="8" type="method"/>
            <line num="128" count="8" type="stmt"/>
            <line falsecount="8" truecount="8" num="128" type="cond"/>
            <line num="129" count="8" type="stmt"/>
            <line falsecount="8" truecount="8" num="129" type="cond"/>
            <line num="130" count="8" type="stmt"/>
            <line complexity="3" visibility="public" signature="join(int[][],int[][],int,int) : void" num="136" count="4" type="method"/>
            <line num="137" count="4" type="stmt"/>
            <line falsecount="4" truecount="4" num="137" type="cond"/>
            <line num="138" count="4" type="stmt"/>
            <line falsecount="4" truecount="4" num="138" type="cond"/>
            <line num="139" count="4" type="stmt"/>
         </file>
      </package>
   </project>
   <testproject name="SimpleAlgorithms 0.0.1-SNAPSHOT" timestamp="1697946840890">
      <metrics coveredelements="110" complexity="22" loc="165" methods="9" classes="1" statements="79" packages="1" coveredconditionals="22" coveredmethods="9" elements="110" ncloc="132" files="1" conditionals="22" coveredstatements="79"/>
      <package name="net.mooctest">
         <metrics coveredelements="110" complexity="22" loc="165" methods="9" classes="1" statements="79" coveredconditionals="22" coveredmethods="9" elements="110" ncloc="132" files="1" conditionals="22" coveredstatements="79"/>
         <file path="C:\mooctest\projects\7823\126581\SimpleAlgorithms\src\test\java\net\mooctest\BPlusTreeTest.java" name="BPlusTreeTest.java">
            <metrics coveredelements="110" coveredconditionals="22" complexity="22" loc="165" coveredmethods="9" methods="9" elements="110" classes="1" ncloc="132" statements="79" conditionals="22" coveredstatements="79"/>
            <class name="BPlusTreeTest">
               <metrics coveredelements="110" complexity="22" methods="9" testruns="9" statements="79" coveredconditionals="22" coveredmethods="9" elements="110" testfailures="0" testduration="0.037" conditionals="22" coveredstatements="79" testpasses="9"/>
            </class>
            <line complexity="1" visibility="public" signature="test() : void" num="19" testsuccess="true" count="1" testduration="0.014" type="method"/>
            <line num="21" count="1" type="stmt"/>
            <line num="23" count="1" type="stmt"/>
            <line num="24" count="1" type="stmt"/>
            <line complexity="4" visibility="public" signature="test1() : void" num="26" testsuccess="true" count="1" testduration="0.005" type="method"/>
            <line num="28" count="1" type="stmt"/>
            <line num="29" count="1" type="stmt"/>
            <line falsecount="1" truecount="10" num="29" type="cond"/>
            <line num="30" count="10" type="stmt"/>
            <line num="33" count="1" type="stmt"/>
            <line falsecount="1" truecount="10" num="33" type="cond"/>
            <line num="35" count="10" type="stmt"/>
            <line num="37" count="1" type="stmt"/>
            <line num="38" count="1" type="stmt"/>
            <line falsecount="1" truecount="10" num="38" type="cond"/>
            <line num="39" count="10" type="stmt"/>
            <line complexity="2" visibility="public" signature="test2() : void" num="43" testsuccess="true" count="1" testduration="0.005" type="method"/>
            <line num="45" count="1" type="stmt"/>
            <line num="46" count="1" type="stmt"/>
            <line num="50" count="1" type="stmt"/>
            <line complexity="2" visibility="public" signature="test3() : void" num="56" testsuccess="true" count="1" testduration="0.002" type="method"/>
            <line num="58" count="1" type="stmt"/>
            <line num="59" count="1" type="stmt"/>
            <line num="60" count="1" type="stmt"/>
            <line num="61" count="1" type="stmt"/>
            <line num="62" count="1" type="stmt"/>
            <line complexity="3" visibility="public" signature="test4() : void" num="68" testsuccess="true" count="1" testduration="0.002" type="method"/>
            <line num="70" count="1" type="stmt"/>
            <line num="75" count="1" type="stmt"/>
            <line num="76" count="1" type="stmt"/>
            <line num="77" count="1" type="stmt"/>
            <line falsecount="1" truecount="4" num="77" type="cond"/>
            <line num="78" count="4" type="stmt"/>
            <line num="80" count="1" type="stmt"/>
            <line num="81" count="1" type="stmt"/>
            <line num="82" count="1" type="stmt"/>
            <line num="83" count="1" type="stmt"/>
            <line num="84" count="1" type="stmt"/>
            <line num="85" count="1" type="stmt"/>
            <line num="86" count="1" type="stmt"/>
            <line num="87" count="1" type="stmt"/>
            <line num="88" count="1" type="stmt"/>
            <line num="89" count="1" type="stmt"/>
            <line num="90" count="1" type="stmt"/>
            <line num="91" count="1" type="stmt"/>
            <line falsecount="1" truecount="1" num="91" type="cond"/>
            <line num="92" count="1" type="stmt"/>
            <line num="94" count="1" type="stmt"/>
            <line complexity="3" visibility="public" signature="test5() : void" num="97" testsuccess="true" count="1" testduration="0.002" type="method"/>
            <line num="99" count="1" type="stmt"/>
            <line num="100" count="1" type="stmt"/>
            <line num="101" count="1" type="stmt"/>
            <line num="102" count="1" type="stmt"/>
            <line falsecount="1" truecount="2" num="102" type="cond"/>
            <line num="103" count="2" type="stmt"/>
            <line falsecount="2" truecount="6" num="103" type="cond"/>
            <line num="104" count="6" type="stmt"/>
            <line num="105" count="6" type="stmt"/>
            <line num="108" count="1" type="stmt"/>
            <line num="109" count="1" type="stmt"/>
            <line complexity="5" visibility="public" signature="test6() : void" num="111" testsuccess="true" count="1" testduration="0.002" type="method"/>
            <line num="113" count="1" type="stmt"/>
            <line num="114" count="1" type="stmt"/>
            <line falsecount="1" truecount="5" num="114" type="cond"/>
            <line num="115" count="5" type="stmt"/>
            <line falsecount="5" truecount="30" num="115" type="cond"/>
            <line num="116" count="30" type="stmt"/>
            <line num="120" count="1" type="stmt"/>
            <line num="121" count="1" type="stmt"/>
            <line num="122" count="1" type="stmt"/>
            <line num="123" count="1" type="stmt"/>
            <line num="124" count="1" type="stmt"/>
            <line num="125" count="1" type="stmt"/>
            <line falsecount="1" truecount="5" num="125" type="cond"/>
            <line num="126" count="5" type="stmt"/>
            <line falsecount="5" truecount="30" num="126" type="cond"/>
            <line num="127" count="30" type="stmt"/>
            <line complexity="1" visibility="public" signature="test7() : void" num="132" testsuccess="true" count="1" testduration="0.004" type="method"/>
            <line num="135" count="1" type="stmt"/>
            <line num="136" count="1" type="stmt"/>
            <line num="137" count="1" type="stmt"/>
            <line num="138" count="1" type="stmt"/>
            <line num="140" count="1" type="stmt"/>
            <line complexity="1" visibility="public" signature="test8() : void" num="143" testsuccess="true" count="1" testduration="0.001" type="method"/>
            <line num="145" count="1" type="stmt"/>
            <line num="146" count="1" type="stmt"/>
            <line num="147" count="1" type="stmt"/>
            <line num="148" count="1" type="stmt"/>
            <line num="149" count="1" type="stmt"/>
            <line num="150" count="1" type="stmt"/>
            <line num="151" count="1" type="stmt"/>
            <line num="152" count="1" type="stmt"/>
            <line num="153" count="1" type="stmt"/>
            <line num="155" count="1" type="stmt"/>
            <line num="156" count="1" type="stmt"/>
            <line num="157" count="1" type="stmt"/>
            <line num="158" count="1" type="stmt"/>
            <line num="160" count="1" type="stmt"/>
            <line num="162" count="1" type="stmt"/>
         </file>
      </package>
   </testproject>
</coverage>