<?xml version="1.0" encoding="UTF-8"?>
<coverage generated="1666497008185" clover="4.4.1">
   <project name="PairingHeap 0.0.1-SNAPSHOT" timestamp="1666497005969">
      <metrics coveredelements="221" complexity="70" loc="434" methods="31" classes="2" statements="136" packages="1" coveredconditionals="61" coveredmethods="29" elements="231" ncloc="249" files="2" conditionals="64" coveredstatements="131"/>
      <package name="net.mooctest">
         <metrics coveredelements="221" complexity="70" loc="434" methods="31" classes="2" statements="136" coveredconditionals="61" coveredmethods="29" elements="231" ncloc="249" files="2" conditionals="64" coveredstatements="131"/>
         <file path="C:\mooctest\projects\7021\122973\PairingHeap\src\main\java\net\mooctest\Heap_Item.java" name="Heap_Item.java">
            <metrics coveredelements="86" coveredconditionals="22" complexity="37" loc="208" coveredmethods="20" methods="20" elements="86" classes="1" ncloc="101" statements="44" conditionals="22" coveredstatements="44"/>
            <class name="Heap_Item">
               <metrics coveredelements="86" coveredconditionals="22" complexity="37" coveredmethods="20" methods="20" elements="86" statements="44" conditionals="22" coveredstatements="44"/>
            </class>
            <line complexity="1" visibility="public" signature="Heap_Item()" num="18" count="5" type="method"/>
            <line complexity="1" visibility="public" signature="Heap_Item(T)" num="25" count="378" type="method"/>
            <line num="26" count="378" type="stmt"/>
            <line complexity="1" visibility="public" signature="Heap_Item(Heap_Item&lt;T&gt;)" num="33" count="2" type="method"/>
            <line num="34" count="2" type="stmt"/>
            <line num="35" count="2" type="stmt"/>
            <line num="36" count="2" type="stmt"/>
            <line num="37" count="2" type="stmt"/>
            <line complexity="1" visibility="public" signature="getAncestor() : Heap_Item&lt;T&gt;" num="43" count="56" type="method"/>
            <line num="44" count="56" type="stmt"/>
            <line complexity="1" visibility="public" signature="setAncestor(Heap_Item) : void" num="51" count="1493" type="method"/>
            <line num="52" count="1493" type="stmt"/>
            <line complexity="4" visibility="public" signature="getMultiWayAncestor() : Heap_Item&lt;T&gt;" num="59" count="13" type="method"/>
            <line num="60" count="13" type="stmt"/>
            <line falsecount="2" truecount="11" num="60" type="cond"/>
            <line num="61" count="11" type="stmt"/>
            <line falsecount="7" truecount="4" num="61" type="cond"/>
            <line num="62" count="4" type="stmt"/>
            <line num="64" count="7" type="stmt"/>
            <line num="65" count="7" type="stmt"/>
            <line falsecount="7" truecount="2" num="65" type="cond"/>
            <line num="66" count="2" type="stmt"/>
            <line num="68" count="7" type="stmt"/>
            <line num="71" count="2" type="stmt"/>
            <line complexity="1" visibility="public" signature="getLeftSon() : Heap_Item&lt;T&gt;" num="78" count="747" type="method"/>
            <line num="79" count="747" type="stmt"/>
            <line complexity="1" visibility="public" signature="getRightSon() : Heap_Item&lt;T&gt;" num="86" count="434" type="method"/>
            <line num="87" count="434" type="stmt"/>
            <line complexity="2" visibility="public" signature="getData() : T" num="94" count="1141" type="method"/>
            <line num="95" count="1141" type="stmt"/>
            <line falsecount="1140" truecount="1" num="95" type="cond"/>
            <line complexity="1" visibility="public" signature="setData(T) : void" num="102" count="10" type="method"/>
            <line num="103" count="10" type="stmt"/>
            <line complexity="1" visibility="public" signature="setLeftSon(Heap_Item) : void" num="110" count="549" type="method"/>
            <line num="111" count="549" type="stmt"/>
            <line complexity="1" visibility="public" signature="setRightSon(Heap_Item) : void" num="118" count="441" type="method"/>
            <line num="119" count="441" type="stmt"/>
            <line complexity="1" visibility="public" signature="hasLeftSon() : boolean" num="126" count="993" type="method"/>
            <line num="127" count="993" type="stmt"/>
            <line complexity="1" visibility="public" signature="hasRightSon() : boolean" num="134" count="219" type="method"/>
            <line num="135" count="219" type="stmt"/>
            <line complexity="1" visibility="public" signature="removeLeftSon() : void" num="141" count="7" type="method"/>
            <line num="142" count="7" type="stmt"/>
            <line complexity="1" visibility="public" signature="removeRightSon() : void" num="148" count="318" type="method"/>
            <line num="149" count="318" type="stmt"/>
            <line complexity="5" visibility="public" signature="getSonByData(T) : Heap_Item&lt;T&gt;" num="157" count="5" type="method"/>
            <line num="158" count="5" type="stmt"/>
            <line falsecount="3" truecount="2" num="158" type="cond"/>
            <line num="159" count="2" type="stmt"/>
            <line num="160" count="3" type="stmt"/>
            <line falsecount="2" truecount="1" num="160" type="cond"/>
            <line num="161" count="1" type="stmt"/>
            <line num="163" count="2" type="stmt"/>
            <line complexity="5" visibility="public" signature="removeChild(T) : void" num="171" count="3" type="method"/>
            <line num="172" count="3" type="stmt"/>
            <line falsecount="2" truecount="1" num="172" type="cond"/>
            <line num="173" count="1" type="stmt"/>
            <line num="174" count="1" type="stmt"/>
            <line num="176" count="2" type="stmt"/>
            <line falsecount="1" truecount="1" num="176" type="cond"/>
            <line num="177" count="1" type="stmt"/>
            <line num="178" count="1" type="stmt"/>
            <line complexity="2" visibility="public" signature="itIsLeftSon(Heap_Item&lt;T&gt;) : boolean" num="187" count="20" type="method"/>
            <line num="188" count="20" type="stmt"/>
            <line falsecount="9" truecount="11" num="188" type="cond"/>
            <line complexity="5" visibility="public" signature="replaceChild(T,Heap_Item&lt;T&gt;) : boolean" num="197" count="11" type="method"/>
            <line num="198" count="11" type="stmt"/>
            <line falsecount="8" truecount="3" num="198" type="cond"/>
            <line num="199" count="3" type="stmt"/>
            <line num="200" count="3" type="stmt"/>
            <line num="201" count="8" type="stmt"/>
            <line falsecount="7" truecount="1" num="201" type="cond"/>
            <line num="202" count="1" type="stmt"/>
            <line num="203" count="1" type="stmt"/>
            <line num="205" count="7" type="stmt"/>
         </file>
         <file path="C:\mooctest\projects\7021\122973\PairingHeap\src\main\java\net\mooctest\Pairing_Heap.java" name="Pairing_Heap.java">
            <metrics coveredelements="135" coveredconditionals="39" complexity="33" loc="226" coveredmethods="9" methods="11" elements="145" classes="1" ncloc="148" statements="92" conditionals="42" coveredstatements="87"/>
            <class name="Pairing_Heap">
               <metrics coveredelements="135" coveredconditionals="39" complexity="33" coveredmethods="9" methods="11" elements="145" statements="92" conditionals="42" coveredstatements="87"/>
            </class>
            <line complexity="1" visibility="public" signature="Pairing_Heap()" num="18" count="13" type="method"/>
            <line complexity="1" visibility="public" signature="Pairing_Heap(Heap_Item&lt;T&gt;)" num="25" count="542" type="method"/>
            <line num="26" count="542" type="stmt"/>
            <line complexity="1" visibility="public" signature="Pairing_Heap(Pairing_Heap&lt;T&gt;)" num="33" count="0" type="method"/>
            <line num="34" count="0" type="stmt"/>
            <line complexity="1" visibility="public" signature="getRoot() : Heap_Item&lt;T&gt;" num="41" count="5245" type="method"/>
            <line num="42" count="5245" type="stmt"/>
            <line complexity="1" visibility="public" signature="peek() : T" num="49" count="0" type="method"/>
            <line num="50" count="0" type="stmt"/>
            <line complexity="2" visibility="public" signature="push(Heap_Item&lt;T&gt;) : Heap_Item&lt;T&gt;" num="58" count="231" type="method"/>
            <line num="59" count="231" type="stmt"/>
            <line falsecount="217" truecount="14" num="59" type="cond"/>
            <line num="60" count="14" type="stmt"/>
            <line num="61" count="14" type="stmt"/>
            <line num="63" count="217" type="stmt"/>
            <line num="64" count="217" type="stmt"/>
            <line complexity="2" visibility="public" signature="pop() : T" num="72" count="105" type="method"/>
            <line num="73" count="105" type="stmt"/>
            <line falsecount="103" truecount="2" num="73" type="cond"/>
            <line complexity="4" visibility="private" signature="pop_heap_item() : Heap_Item&lt;T&gt;" num="80" count="103" type="method"/>
            <line num="81" count="103" type="stmt"/>
            <line falsecount="103" truecount="0" num="81" type="cond"/>
            <line num="82" count="0" type="stmt"/>
            <line num="84" count="103" type="stmt"/>
            <line num="85" count="103" type="stmt"/>
            <line num="86" count="103" type="stmt"/>
            <line falsecount="102" truecount="1" num="86" type="cond"/>
            <line num="87" count="1" type="stmt"/>
            <line num="89" count="102" type="stmt"/>
            <line falsecount="101" truecount="1" num="89" type="cond"/>
            <line num="90" count="1" type="stmt"/>
            <line num="91" count="1" type="stmt"/>
            <line num="92" count="1" type="stmt"/>
            <line num="94" count="101" type="stmt"/>
            <line num="95" count="101" type="stmt"/>
            <line num="96" count="101" type="stmt"/>
            <line num="97" count="101" type="stmt"/>
            <line complexity="4" visibility="private" signature="multi_heaps_merge(Heap_Item) : Pairing_Heap&lt;T&gt;" num="109" count="109" type="method"/>
            <line num="110" count="109" type="stmt"/>
            <line num="113" count="109" type="stmt"/>
            <line num="114" count="109" type="stmt"/>
            <line num="115" count="313" type="stmt"/>
            <line num="116" count="313" type="stmt"/>
            <line num="117" count="313" type="stmt"/>
            <line num="118" count="313" type="stmt"/>
            <line falsecount="214" truecount="99" num="118" type="cond"/>
            <line num="119" count="99" type="stmt"/>
            <line num="121" count="313" type="stmt"/>
            <line num="122" count="313" type="stmt"/>
            <line falsecount="109" truecount="204" num="123" type="cond"/>
            <line num="126" count="109" type="stmt"/>
            <line falsecount="109" truecount="204" num="126" type="cond"/>
            <line num="127" count="204" type="stmt"/>
            <line num="130" count="109" type="stmt"/>
            <line complexity="6" visibility="private" signature="pair(Pairing_Heap&lt;T&gt;,Pairing_Heap&lt;T&gt;) : Pairing_Heap&lt;T&gt;" num="141" count="430" type="method"/>
            <line num="142" count="430" type="stmt"/>
            <line falsecount="430" truecount="0" num="142" type="cond"/>
            <line num="143" count="0" type="stmt"/>
            <line num="145" count="430" type="stmt"/>
            <line falsecount="430" truecount="0" num="145" type="cond"/>
            <line num="146" count="0" type="stmt"/>
            <line num="148" count="430" type="stmt"/>
            <line falsecount="211" truecount="219" num="148" type="cond"/>
            <line num="149" count="219" type="stmt"/>
            <line falsecount="115" truecount="104" num="149" type="cond"/>
            <line num="150" count="104" type="stmt"/>
            <line num="151" count="104" type="stmt"/>
            <line num="152" count="104" type="stmt"/>
            <line num="153" count="104" type="stmt"/>
            <line num="154" count="104" type="stmt"/>
            <line num="155" count="104" type="stmt"/>
            <line num="157" count="115" type="stmt"/>
            <line num="158" count="115" type="stmt"/>
            <line num="159" count="115" type="stmt"/>
            <line num="162" count="211" type="stmt"/>
            <line falsecount="7" truecount="204" num="162" type="cond"/>
            <line num="163" count="204" type="stmt"/>
            <line num="164" count="204" type="stmt"/>
            <line num="165" count="204" type="stmt"/>
            <line num="166" count="204" type="stmt"/>
            <line num="167" count="204" type="stmt"/>
            <line num="168" count="204" type="stmt"/>
            <line num="170" count="7" type="stmt"/>
            <line num="171" count="7" type="stmt"/>
            <line num="172" count="7" type="stmt"/>
            <line complexity="10" visibility="public" signature="checkPriority(Heap_Item&lt;T&gt;) : void" num="181" count="27" type="method"/>
            <line num="183" count="27" type="stmt"/>
            <line falsecount="25" truecount="2" num="183" type="cond"/>
            <line num="184" count="2" type="stmt"/>
            <line num="185" count="2" type="stmt"/>
            <line num="186" count="2" type="stmt"/>
            <line falsecount="1" truecount="1" num="186" type="cond"/>
            <line num="187" count="1" type="stmt"/>
            <line num="189" count="2" type="stmt"/>
            <line num="190" count="2" type="stmt"/>
            <line num="193" count="25" type="stmt"/>
            <line falsecount="10" truecount="15" num="193" type="cond"/>
            <line num="194" count="15" type="stmt"/>
            <line num="195" count="15" type="stmt"/>
            <line num="196" count="17" type="stmt"/>
            <line falsecount="10" truecount="7" num="196" type="cond"/>
            <line num="197" count="7" type="stmt"/>
            <line num="198" count="7" type="stmt"/>
            <line num="199" count="7" type="stmt"/>
            <line num="200" count="7" type="stmt"/>
            <line num="202" count="7" type="stmt"/>
            <line num="203" count="7" type="stmt"/>
            <line num="204" count="7" type="stmt"/>
            <line falsecount="2" truecount="5" num="204" type="cond"/>
            <line num="205" count="5" type="stmt"/>
            <line num="206" count="5" type="stmt"/>
            <line num="208" count="7" type="stmt"/>
            <line num="210" count="7" type="stmt"/>
            <line falsecount="2" truecount="5" num="210" type="cond"/>
            <line num="211" count="5" type="stmt"/>
            <line num="212" count="5" type="stmt"/>
            <line num="213" count="5" type="stmt"/>
            <line num="214" count="5" type="stmt"/>
            <line falsecount="1" truecount="4" num="214" type="cond"/>
            <line num="215" count="4" type="stmt"/>
            <line num="218" count="2" type="stmt"/>
            <line num="220" count="7" type="stmt"/>
            <line num="222" count="10" type="stmt"/>
            <line falsecount="8" truecount="2" num="223" type="cond"/>
         </file>
      </package>
   </project>
   <testproject name="PairingHeap 0.0.1-SNAPSHOT" timestamp="1666497005969">
      <metrics coveredelements="309" complexity="23" loc="404" methods="17" classes="2" statements="288" packages="1" coveredconditionals="4" coveredmethods="17" elements="311" ncloc="355" files="2" conditionals="6" coveredstatements="288"/>
      <package name="net.mooctest">
         <metrics coveredelements="309" complexity="23" loc="404" methods="17" classes="2" statements="288" coveredconditionals="4" coveredmethods="17" elements="311" ncloc="355" files="2" conditionals="6" coveredstatements="288"/>
         <file path="C:\mooctest\projects\7021\122973\PairingHeap\src\test\java\net\mooctest\Heap_ItemTest.java" name="Heap_ItemTest.java">
            <metrics coveredelements="238" coveredconditionals="0" complexity="14" loc="307" coveredmethods="14" methods="14" elements="238" classes="1" ncloc="272" statements="224" conditionals="0" coveredstatements="224"/>
            <class name="Heap_ItemTest">
               <metrics coveredelements="238" complexity="14" methods="14" testruns="14" statements="224" coveredconditionals="0" coveredmethods="14" elements="238" testfailures="0" testduration="0.013000000000000001" conditionals="0" coveredstatements="224" testpasses="14"/>
            </class>
            <line complexity="1" visibility="public" signature="test() : void" num="12" testsuccess="true" count="1" testduration="0.0" type="method"/>
            <line num="14" count="1" type="stmt"/>
            <line num="15" count="1" type="stmt"/>
            <line num="16" count="1" type="stmt"/>
            <line num="17" count="1" type="stmt"/>
            <line num="18" count="1" type="stmt"/>
            <line num="19" count="1" type="stmt"/>
            <line num="20" count="1" type="stmt"/>
            <line num="21" count="1" type="stmt"/>
            <line num="22" count="1" type="stmt"/>
            <line complexity="1" visibility="public" signature="test01() : void" num="25" testsuccess="true" count="1" testduration="0.01" type="method"/>
            <line num="27" count="1" type="stmt"/>
            <line num="28" count="1" type="stmt"/>
            <line num="29" count="1" type="stmt"/>
            <line num="30" count="1" type="stmt"/>
            <line num="31" count="1" type="stmt"/>
            <line num="32" count="1" type="stmt"/>
            <line num="33" count="1" type="stmt"/>
            <line num="34" count="1" type="stmt"/>
            <line num="35" count="1" type="stmt"/>
            <line num="36" count="1" type="stmt"/>
            <line num="37" count="1" type="stmt"/>
            <line num="38" count="1" type="stmt"/>
            <line num="39" count="1" type="stmt"/>
            <line num="40" count="1" type="stmt"/>
            <line num="41" count="1" type="stmt"/>
            <line num="42" count="1" type="stmt"/>
            <line num="43" count="1" type="stmt"/>
            <line num="44" count="1" type="stmt"/>
            <line num="45" count="1" type="stmt"/>
            <line num="46" count="1" type="stmt"/>
            <line num="47" count="1" type="stmt"/>
            <line num="48" count="1" type="stmt"/>
            <line num="49" count="1" type="stmt"/>
            <line num="50" count="1" type="stmt"/>
            <line num="51" count="1" type="stmt"/>
            <line complexity="1" visibility="public" signature="test02() : void" num="54" testsuccess="true" count="1" testduration="0.0" type="method"/>
            <line num="56" count="1" type="stmt"/>
            <line num="57" count="1" type="stmt"/>
            <line num="58" count="1" type="stmt"/>
            <line num="60" count="1" type="stmt"/>
            <line num="61" count="1" type="stmt"/>
            <line num="62" count="1" type="stmt"/>
            <line num="63" count="1" type="stmt"/>
            <line num="64" count="1" type="stmt"/>
            <line num="65" count="1" type="stmt"/>
            <line num="66" count="1" type="stmt"/>
            <line num="67" count="1" type="stmt"/>
            <line num="68" count="1" type="stmt"/>
            <line num="70" count="1" type="stmt"/>
            <line num="71" count="1" type="stmt"/>
            <line num="72" count="1" type="stmt"/>
            <line num="73" count="1" type="stmt"/>
            <line num="74" count="1" type="stmt"/>
            <line complexity="1" visibility="public" signature="test03() : void" num="77" testsuccess="true" count="1" testduration="0.003" type="method"/>
            <line num="79" count="1" type="stmt"/>
            <line num="80" count="1" type="stmt"/>
            <line num="81" count="1" type="stmt"/>
            <line num="82" count="1" type="stmt"/>
            <line num="83" count="1" type="stmt"/>
            <line num="84" count="1" type="stmt"/>
            <line num="85" count="1" type="stmt"/>
            <line num="86" count="1" type="stmt"/>
            <line complexity="1" visibility="public" signature="test04() : void" num="90" testsuccess="true" count="1" testduration="0.0" type="method"/>
            <line num="92" count="1" type="stmt"/>
            <line num="93" count="1" type="stmt"/>
            <line num="94" count="1" type="stmt"/>
            <line num="95" count="1" type="stmt"/>
            <line num="96" count="1" type="stmt"/>
            <line num="97" count="1" type="stmt"/>
            <line num="98" count="1" type="stmt"/>
            <line num="99" count="1" type="stmt"/>
            <line num="100" count="1" type="stmt"/>
            <line num="101" count="1" type="stmt"/>
            <line complexity="1" visibility="public" signature="test05() : void" num="104" testsuccess="true" count="1" testduration="0.0" type="method"/>
            <line num="106" count="1" type="stmt"/>
            <line num="107" count="1" type="stmt"/>
            <line num="108" count="1" type="stmt"/>
            <line num="109" count="1" type="stmt"/>
            <line num="110" count="1" type="stmt"/>
            <line num="111" count="1" type="stmt"/>
            <line num="112" count="1" type="stmt"/>
            <line num="113" count="1" type="stmt"/>
            <line num="114" count="1" type="stmt"/>
            <line complexity="1" visibility="public" signature="test06() : void" num="119" testsuccess="true" count="1" testduration="0.0" type="method"/>
            <line num="121" count="1" type="stmt"/>
            <line num="122" count="1" type="stmt"/>
            <line num="123" count="1" type="stmt"/>
            <line num="124" count="1" type="stmt"/>
            <line num="125" count="1" type="stmt"/>
            <line num="126" count="1" type="stmt"/>
            <line num="127" count="1" type="stmt"/>
            <line num="128" count="1" type="stmt"/>
            <line num="130" count="1" type="stmt"/>
            <line num="131" count="1" type="stmt"/>
            <line num="132" count="1" type="stmt"/>
            <line num="133" count="1" type="stmt"/>
            <line num="134" count="1" type="stmt"/>
            <line num="136" count="1" type="stmt"/>
            <line num="137" count="1" type="stmt"/>
            <line num="138" count="1" type="stmt"/>
            <line num="139" count="1" type="stmt"/>
            <line num="140" count="1" type="stmt"/>
            <line num="141" count="1" type="stmt"/>
            <line num="142" count="1" type="stmt"/>
            <line num="144" count="1" type="stmt"/>
            <line num="145" count="1" type="stmt"/>
            <line num="146" count="1" type="stmt"/>
            <line num="147" count="1" type="stmt"/>
            <line num="148" count="1" type="stmt"/>
            <line num="149" count="1" type="stmt"/>
            <line num="150" count="1" type="stmt"/>
            <line num="151" count="1" type="stmt"/>
            <line num="152" count="1" type="stmt"/>
            <line num="153" count="1" type="stmt"/>
            <line num="154" count="1" type="stmt"/>
            <line num="155" count="1" type="stmt"/>
            <line num="156" count="1" type="stmt"/>
            <line num="157" count="1" type="stmt"/>
            <line num="158" count="1" type="stmt"/>
            <line num="159" count="1" type="stmt"/>
            <line num="160" count="1" type="stmt"/>
            <line num="162" count="1" type="stmt"/>
            <line num="163" count="1" type="stmt"/>
            <line num="164" count="1" type="stmt"/>
            <line num="165" count="1" type="stmt"/>
            <line num="166" count="1" type="stmt"/>
            <line num="167" count="1" type="stmt"/>
            <line num="168" count="1" type="stmt"/>
            <line num="169" count="1" type="stmt"/>
            <line complexity="1" visibility="public" signature="test07() : void" num="172" testsuccess="true" count="1" testduration="0.0" type="method"/>
            <line num="174" count="1" type="stmt"/>
            <line num="175" count="1" type="stmt"/>
            <line num="176" count="1" type="stmt"/>
            <line num="177" count="1" type="stmt"/>
            <line num="178" count="1" type="stmt"/>
            <line num="179" count="1" type="stmt"/>
            <line num="180" count="1" type="stmt"/>
            <line num="181" count="1" type="stmt"/>
            <line num="183" count="1" type="stmt"/>
            <line num="184" count="1" type="stmt"/>
            <line complexity="1" visibility="public" signature="test08() : void" num="187" testsuccess="true" count="1" testduration="0.0" type="method"/>
            <line num="189" count="1" type="stmt"/>
            <line num="190" count="1" type="stmt"/>
            <line num="191" count="1" type="stmt"/>
            <line num="192" count="1" type="stmt"/>
            <line num="193" count="1" type="stmt"/>
            <line num="194" count="1" type="stmt"/>
            <line num="195" count="1" type="stmt"/>
            <line num="196" count="1" type="stmt"/>
            <line num="198" count="1" type="stmt"/>
            <line num="199" count="1" type="stmt"/>
            <line num="200" count="1" type="stmt"/>
            <line complexity="1" visibility="public" signature="test09() : void" num="203" testsuccess="true" count="1" testduration="0.0" type="method"/>
            <line num="205" count="1" type="stmt"/>
            <line num="206" count="1" type="stmt"/>
            <line num="207" count="1" type="stmt"/>
            <line num="208" count="1" type="stmt"/>
            <line num="209" count="1" type="stmt"/>
            <line num="210" count="1" type="stmt"/>
            <line num="211" count="1" type="stmt"/>
            <line num="212" count="1" type="stmt"/>
            <line num="214" count="1" type="stmt"/>
            <line num="215" count="1" type="stmt"/>
            <line num="216" count="1" type="stmt"/>
            <line num="217" count="1" type="stmt"/>
            <line num="218" count="1" type="stmt"/>
            <line num="219" count="1" type="stmt"/>
            <line num="220" count="1" type="stmt"/>
            <line num="221" count="1" type="stmt"/>
            <line complexity="1" visibility="public" signature="test10() : void" num="224" testsuccess="true" count="1" testduration="0.0" type="method"/>
            <line num="226" count="1" type="stmt"/>
            <line num="227" count="1" type="stmt"/>
            <line num="228" count="1" type="stmt"/>
            <line num="229" count="1" type="stmt"/>
            <line complexity="1" visibility="public" signature="test11() : void" num="233" testsuccess="true" count="1" testduration="0.0" type="method"/>
            <line num="235" count="1" type="stmt"/>
            <line num="236" count="1" type="stmt"/>
            <line num="237" count="1" type="stmt"/>
            <line num="238" count="1" type="stmt"/>
            <line num="239" count="1" type="stmt"/>
            <line num="240" count="1" type="stmt"/>
            <line num="241" count="1" type="stmt"/>
            <line num="242" count="1" type="stmt"/>
            <line num="244" count="1" type="stmt"/>
            <line num="245" count="1" type="stmt"/>
            <line num="246" count="1" type="stmt"/>
            <line num="247" count="1" type="stmt"/>
            <line num="248" count="1" type="stmt"/>
            <line num="249" count="1" type="stmt"/>
            <line num="250" count="1" type="stmt"/>
            <line complexity="1" visibility="public" signature="test12() : void" num="253" testsuccess="true" count="1" testduration="0.0" type="method"/>
            <line num="255" count="1" type="stmt"/>
            <line num="256" count="1" type="stmt"/>
            <line num="257" count="1" type="stmt"/>
            <line num="258" count="1" type="stmt"/>
            <line num="259" count="1" type="stmt"/>
            <line num="260" count="1" type="stmt"/>
            <line num="261" count="1" type="stmt"/>
            <line num="262" count="1" type="stmt"/>
            <line num="264" count="1" type="stmt"/>
            <line num="265" count="1" type="stmt"/>
            <line num="266" count="1" type="stmt"/>
            <line num="267" count="1" type="stmt"/>
            <line num="268" count="1" type="stmt"/>
            <line num="269" count="1" type="stmt"/>
            <line num="270" count="1" type="stmt"/>
            <line num="271" count="1" type="stmt"/>
            <line num="272" count="1" type="stmt"/>
            <line num="273" count="1" type="stmt"/>
            <line num="274" count="1" type="stmt"/>
            <line num="275" count="1" type="stmt"/>
            <line num="276" count="1" type="stmt"/>
            <line complexity="1" visibility="public" signature="test13() : void" num="279" testsuccess="true" count="1" testduration="0.0" type="method"/>
            <line num="281" count="1" type="stmt"/>
            <line num="282" count="1" type="stmt"/>
            <line num="283" count="1" type="stmt"/>
            <line num="284" count="1" type="stmt"/>
            <line num="285" count="1" type="stmt"/>
            <line num="286" count="1" type="stmt"/>
            <line num="287" count="1" type="stmt"/>
            <line num="288" count="1" type="stmt"/>
            <line num="290" count="1" type="stmt"/>
            <line num="291" count="1" type="stmt"/>
            <line num="292" count="1" type="stmt"/>
            <line num="293" count="1" type="stmt"/>
            <line num="294" count="1" type="stmt"/>
            <line num="295" count="1" type="stmt"/>
            <line num="296" count="1" type="stmt"/>
            <line num="297" count="1" type="stmt"/>
            <line num="298" count="1" type="stmt"/>
            <line num="299" count="1" type="stmt"/>
            <line num="300" count="1" type="stmt"/>
            <line num="301" count="1" type="stmt"/>
            <line num="302" count="1" type="stmt"/>
            <line num="303" count="1" type="stmt"/>
            <line num="304" count="1" type="stmt"/>
            <line num="305" count="1" type="stmt"/>
         </file>
         <file path="C:\mooctest\projects\7021\122973\PairingHeap\src\test\java\net\mooctest\Pairing_HeapTest.java" name="Pairing_HeapTest.java">
            <metrics coveredelements="71" coveredconditionals="4" complexity="9" loc="97" coveredmethods="3" methods="3" elements="73" classes="1" ncloc="83" statements="64" conditionals="6" coveredstatements="64"/>
            <class name="Pairing_HeapTest">
               <metrics coveredelements="71" complexity="9" methods="3" testruns="3" statements="64" coveredconditionals="4" coveredmethods="3" elements="73" testfailures="0" testduration="0.004" conditionals="6" coveredstatements="64" testpasses="3"/>
            </class>
            <line complexity="7" visibility="public" signature="test2() : void" num="10" testsuccess="true" count="1" testduration="0.004" type="method"/>
            <line num="12" count="1" type="stmt"/>
            <line num="13" count="1" type="stmt"/>
            <line falsecount="1" truecount="100" num="13" type="cond"/>
            <line num="14" count="100" type="stmt"/>
            <line num="15" count="100" type="stmt"/>
            <line num="16" count="100" type="stmt"/>
            <line num="17" count="100" type="stmt"/>
            <line num="18" count="100" type="stmt"/>
            <line num="19" count="100" type="stmt"/>
            <line num="20" count="100" type="stmt"/>
            <line num="20" count="100" type="stmt"/>
            <line falsecount="100" truecount="0" num="20" type="cond"/>
            <line num="21" count="100" type="stmt"/>
            <line num="21" count="100" type="stmt"/>
            <line falsecount="100" truecount="0" num="21" type="cond"/>
            <line num="22" count="100" type="stmt"/>
            <line num="23" count="100" type="stmt"/>
            <line num="24" count="100" type="stmt"/>
            <line num="25" count="100" type="stmt"/>
            <line num="26" count="100" type="stmt"/>
            <line num="30" count="100" type="stmt"/>
            <line num="31" count="100" type="stmt"/>
            <line num="32" count="100" type="stmt"/>
            <line num="36" count="100" type="stmt"/>
            <line num="37" count="100" type="stmt"/>
            <line num="38" count="100" type="stmt"/>
            <line num="39" count="100" type="stmt"/>
            <line complexity="1" visibility="public" signature="test3() : void" num="45" testsuccess="true" count="1" testduration="0.0" type="method"/>
            <line num="47" count="1" type="stmt"/>
            <line num="48" count="1" type="stmt"/>
            <line num="49" count="1" type="stmt"/>
            <line num="51" count="1" type="stmt"/>
            <line num="52" count="1" type="stmt"/>
            <line num="53" count="1" type="stmt"/>
            <line num="54" count="1" type="stmt"/>
            <line num="55" count="1" type="stmt"/>
            <line num="56" count="1" type="stmt"/>
            <line num="57" count="1" type="stmt"/>
            <line num="58" count="1" type="stmt"/>
            <line num="59" count="1" type="stmt"/>
            <line num="61" count="1" type="stmt"/>
            <line num="62" count="1" type="stmt"/>
            <line num="63" count="1" type="stmt"/>
            <line num="64" count="1" type="stmt"/>
            <line num="65" count="1" type="stmt"/>
            <line complexity="1" visibility="public" signature="test4() : void" num="67" testsuccess="true" count="1" testduration="0.0" type="method"/>
            <line num="69" count="1" type="stmt"/>
            <line num="70" count="1" type="stmt"/>
            <line num="71" count="1" type="stmt"/>
            <line num="72" count="1" type="stmt"/>
            <line num="73" count="1" type="stmt"/>
            <line num="74" count="1" type="stmt"/>
            <line num="75" count="1" type="stmt"/>
            <line num="77" count="1" type="stmt"/>
            <line num="78" count="1" type="stmt"/>
            <line num="79" count="1" type="stmt"/>
            <line num="80" count="1" type="stmt"/>
            <line num="81" count="1" type="stmt"/>
            <line num="82" count="1" type="stmt"/>
            <line num="83" count="1" type="stmt"/>
            <line num="84" count="1" type="stmt"/>
            <line num="85" count="1" type="stmt"/>
            <line num="86" count="1" type="stmt"/>
            <line num="87" count="1" type="stmt"/>
            <line num="88" count="1" type="stmt"/>
            <line num="89" count="1" type="stmt"/>
            <line num="90" count="1" type="stmt"/>
            <line num="91" count="1" type="stmt"/>
            <line num="92" count="1" type="stmt"/>
         </file>
      </package>
   </testproject>
</coverage>