<?xml version="1.0" encoding="UTF-8" ?>
<testsuite tests="6" failures="0" name="net.mooctest.Point2DTest" time="0.004" errors="0" skipped="0">
  <properties>
[...]
</properties>
  <testcase classname="net.mooctest.Point2DTest" name="getDim" time="0"/>
  <testcase classname="net.mooctest.Point2DTest" name="testToString" time="0.001"/>
  <testcase classname="net.mooctest.Point2DTest" name="get" time="0.001"/>
  <testcase classname="net.mooctest.Point2DTest" name="getX" time="0"/>
  <testcase classname="net.mooctest.Point2DTest" name="getY" time="0"/>
  <testcase classname="net.mooctest.Point2DTest" name="test" time="0.002"/>
</testsuite>