<?xml version="1.0" encoding="UTF-8" ?>
<testsuite tests="13" failures="0" name="net.mooctest.AVLNodeTest" time="0.148" errors="0" skipped="0">
  <properties>
[...]
</properties>
  <testcase classname="net.mooctest.AVLNodeTest" name="testException" time="0.105"/>
  <testcase classname="net.mooctest.AVLNodeTest" name="testSearchWordsFromFile" time="0.006"/>
  <testcase classname="net.mooctest.AVLNodeTest" name="testSearchWord" time="0.003"/>
  <testcase classname="net.mooctest.AVLNodeTest" name="testFindMin" time="0.004"/>
  <testcase classname="net.mooctest.AVLNodeTest" name="testPrintNode" time="0.008"/>
  <testcase classname="net.mooctest.AVLNodeTest" name="testDeleteWordsFromFile" time="0.002"/>
  <testcase classname="net.mooctest.AVLNodeTest" name="testGetSize" time="0.003"/>
  <testcase classname="net.mooctest.AVLNodeTest" name="testInsertWord" time="0.001"/>
  <testcase classname="net.mooctest.AVLNodeTest" name="testGetHeightAndToString" time="0.005"/>
  <testcase classname="net.mooctest.AVLNodeTest" name="testDeleteWord" time="0.003"/>
  <testcase classname="net.mooctest.AVLNodeTest" name="testDelete" time="0.002"/>
  <testcase classname="net.mooctest.AVLNodeTest" name="testInster" time="0.003"/>
  <testcase classname="net.mooctest.AVLNodeTest" name="testInsertWordsFromFile" time="0.003"/>
</testsuite>