<?xml version="1.0" encoding="UTF-8" ?>
<testsuite tests="14" failures="0" name="net.mooctest.Heap_ItemTest" time="0.071" errors="0" skipped="0">
  <properties>
[...]
</properties>
  <testcase classname="net.mooctest.Heap_ItemTest" name="test01" time="0.043"/>
  <testcase classname="net.mooctest.Heap_ItemTest" name="test02" time="0"/>
  <testcase classname="net.mooctest.Heap_ItemTest" name="test03" time="0.004"/>
  <testcase classname="net.mooctest.Heap_ItemTest" name="test04" time="0.002"/>
  <testcase classname="net.mooctest.Heap_ItemTest" name="test05" time="0.001"/>
  <testcase classname="net.mooctest.Heap_ItemTest" name="test06" time="0.002"/>
  <testcase classname="net.mooctest.Heap_ItemTest" name="test07" time="0.001"/>
  <testcase classname="net.mooctest.Heap_ItemTest" name="test08" time="0.001"/>
  <testcase classname="net.mooctest.Heap_ItemTest" name="test09" time="0.001"/>
  <testcase classname="net.mooctest.Heap_ItemTest" name="test10" time="0.001"/>
  <testcase classname="net.mooctest.Heap_ItemTest" name="test11" time="0.001"/>
  <testcase classname="net.mooctest.Heap_ItemTest" name="test12" time="0.002"/>
  <testcase classname="net.mooctest.Heap_ItemTest" name="test13" time="0.002"/>
  <testcase classname="net.mooctest.Heap_ItemTest" name="test" time="0.01"/>
</testsuite>