<?xml version="1.0" encoding="UTF-8"?>
<coverage generated="1666497514708" clover="4.4.1">
   <project name="PairingHeap 0.0.1-SNAPSHOT" timestamp="1666497512781">
      <metrics coveredelements="230" complexity="70" loc="434" methods="31" classes="2" statements="136" packages="1" coveredconditionals="63" coveredmethods="31" elements="231" ncloc="249" files="2" conditionals="64" coveredstatements="136"/>
      <package name="net.mooctest">
         <metrics coveredelements="230" complexity="70" loc="434" methods="31" classes="2" statements="136" coveredconditionals="63" coveredmethods="31" elements="231" ncloc="249" files="2" conditionals="64" coveredstatements="136"/>
         <file path="C:\mooctest\projects\7021\113732\PairingHeap\src\main\java\net\mooctest\Heap_Item.java" name="Heap_Item.java">
            <metrics coveredelements="86" coveredconditionals="22" complexity="37" loc="208" coveredmethods="20" methods="20" elements="86" classes="1" ncloc="101" statements="44" conditionals="22" coveredstatements="44"/>
            <class name="Heap_Item">
               <metrics coveredelements="86" coveredconditionals="22" complexity="37" coveredmethods="20" methods="20" elements="86" statements="44" conditionals="22" coveredstatements="44"/>
            </class>
            <line complexity="1" visibility="public" signature="Heap_Item()" num="18" count="2" type="method"/>
            <line complexity="1" visibility="public" signature="Heap_Item(T)" num="25" count="28" type="method"/>
            <line num="26" count="28" type="stmt"/>
            <line complexity="1" visibility="public" signature="Heap_Item(Heap_Item&lt;T&gt;)" num="33" count="2" type="method"/>
            <line num="34" count="2" type="stmt"/>
            <line num="35" count="2" type="stmt"/>
            <line num="36" count="2" type="stmt"/>
            <line num="37" count="2" type="stmt"/>
            <line complexity="1" visibility="public" signature="getAncestor() : Heap_Item&lt;T&gt;" num="43" count="37" type="method"/>
            <line num="44" count="37" type="stmt"/>
            <line complexity="1" visibility="public" signature="setAncestor(Heap_Item) : void" num="51" count="71" type="method"/>
            <line num="52" count="71" type="stmt"/>
            <line complexity="4" visibility="public" signature="getMultiWayAncestor() : Heap_Item&lt;T&gt;" num="59" count="9" type="method"/>
            <line num="60" count="9" type="stmt"/>
            <line falsecount="2" truecount="7" num="60" type="cond"/>
            <line num="61" count="7" type="stmt"/>
            <line falsecount="4" truecount="3" num="61" type="cond"/>
            <line num="62" count="3" type="stmt"/>
            <line num="64" count="4" type="stmt"/>
            <line num="65" count="4" type="stmt"/>
            <line falsecount="4" truecount="4" num="65" type="cond"/>
            <line num="66" count="4" type="stmt"/>
            <line num="68" count="4" type="stmt"/>
            <line num="71" count="2" type="stmt"/>
            <line complexity="1" visibility="public" signature="getLeftSon() : Heap_Item&lt;T&gt;" num="78" count="49" type="method"/>
            <line num="79" count="49" type="stmt"/>
            <line complexity="1" visibility="public" signature="getRightSon() : Heap_Item&lt;T&gt;" num="86" count="38" type="method"/>
            <line num="87" count="38" type="stmt"/>
            <line complexity="2" visibility="public" signature="getData() : T" num="94" count="107" type="method"/>
            <line num="95" count="107" type="stmt"/>
            <line falsecount="106" truecount="1" num="95" type="cond"/>
            <line complexity="1" visibility="public" signature="setData(T) : void" num="102" count="1" type="method"/>
            <line num="103" count="1" type="stmt"/>
            <line complexity="1" visibility="public" signature="setLeftSon(Heap_Item) : void" num="110" count="27" type="method"/>
            <line num="111" count="27" type="stmt"/>
            <line complexity="1" visibility="public" signature="setRightSon(Heap_Item) : void" num="118" count="18" type="method"/>
            <line num="119" count="18" type="stmt"/>
            <line complexity="1" visibility="public" signature="hasLeftSon() : boolean" num="126" count="70" type="method"/>
            <line num="127" count="70" type="stmt"/>
            <line complexity="1" visibility="public" signature="hasRightSon() : boolean" num="134" count="20" type="method"/>
            <line num="135" count="20" type="stmt"/>
            <line complexity="1" visibility="public" signature="removeLeftSon() : void" num="141" count="5" type="method"/>
            <line num="142" count="5" type="stmt"/>
            <line complexity="1" visibility="public" signature="removeRightSon() : void" num="148" count="21" type="method"/>
            <line num="149" count="21" type="stmt"/>
            <line complexity="5" visibility="public" signature="getSonByData(T) : Heap_Item&lt;T&gt;" num="157" count="4" type="method"/>
            <line num="158" count="4" type="stmt"/>
            <line falsecount="3" truecount="1" num="158" type="cond"/>
            <line num="159" count="1" type="stmt"/>
            <line num="160" count="3" type="stmt"/>
            <line falsecount="2" truecount="1" num="160" type="cond"/>
            <line num="161" count="1" type="stmt"/>
            <line num="163" count="2" type="stmt"/>
            <line complexity="5" visibility="public" signature="removeChild(T) : void" num="171" count="4" type="method"/>
            <line num="172" count="4" type="stmt"/>
            <line falsecount="3" truecount="1" num="172" type="cond"/>
            <line num="173" count="1" type="stmt"/>
            <line num="174" count="1" type="stmt"/>
            <line num="176" count="3" type="stmt"/>
            <line falsecount="2" truecount="1" num="176" type="cond"/>
            <line num="177" count="1" type="stmt"/>
            <line num="178" count="1" type="stmt"/>
            <line complexity="2" visibility="public" signature="itIsLeftSon(Heap_Item&lt;T&gt;) : boolean" num="187" count="15" type="method"/>
            <line num="188" count="15" type="stmt"/>
            <line falsecount="8" truecount="7" num="188" type="cond"/>
            <line complexity="5" visibility="public" signature="replaceChild(T,Heap_Item&lt;T&gt;) : boolean" num="197" count="8" type="method"/>
            <line num="198" count="8" type="stmt"/>
            <line falsecount="6" truecount="2" num="198" type="cond"/>
            <line num="199" count="2" type="stmt"/>
            <line num="200" count="2" type="stmt"/>
            <line num="201" count="6" type="stmt"/>
            <line falsecount="4" truecount="2" num="201" type="cond"/>
            <line num="202" count="2" type="stmt"/>
            <line num="203" count="2" type="stmt"/>
            <line num="205" count="4" type="stmt"/>
         </file>
         <file path="C:\mooctest\projects\7021\113732\PairingHeap\src\main\java\net\mooctest\Pairing_Heap.java" name="Pairing_Heap.java">
            <metrics coveredelements="144" coveredconditionals="41" complexity="33" loc="226" coveredmethods="11" methods="11" elements="145" classes="1" ncloc="148" statements="92" conditionals="42" coveredstatements="92"/>
            <class name="Pairing_Heap">
               <metrics coveredelements="144" coveredconditionals="41" complexity="33" coveredmethods="11" methods="11" elements="145" statements="92" conditionals="42" coveredstatements="92"/>
            </class>
            <line complexity="1" visibility="public" signature="Pairing_Heap()" num="18" count="3" type="method"/>
            <line complexity="1" visibility="public" signature="Pairing_Heap(Heap_Item&lt;T&gt;)" num="25" count="27" type="method"/>
            <line num="26" count="27" type="stmt"/>
            <line complexity="1" visibility="public" signature="Pairing_Heap(Pairing_Heap&lt;T&gt;)" num="33" count="1" type="method"/>
            <line num="34" count="1" type="stmt"/>
            <line complexity="1" visibility="public" signature="getRoot() : Heap_Item&lt;T&gt;" num="41" count="173" type="method"/>
            <line num="42" count="173" type="stmt"/>
            <line complexity="1" visibility="public" signature="peek() : T" num="49" count="1" type="method"/>
            <line num="50" count="1" type="stmt"/>
            <line complexity="2" visibility="public" signature="push(Heap_Item&lt;T&gt;) : Heap_Item&lt;T&gt;" num="58" count="2" type="method"/>
            <line num="59" count="2" type="stmt"/>
            <line falsecount="1" truecount="1" num="59" type="cond"/>
            <line num="60" count="1" type="stmt"/>
            <line num="61" count="1" type="stmt"/>
            <line num="63" count="1" type="stmt"/>
            <line num="64" count="1" type="stmt"/>
            <line complexity="2" visibility="public" signature="pop() : T" num="72" count="9" type="method"/>
            <line num="73" count="9" type="stmt"/>
            <line falsecount="8" truecount="1" num="73" type="cond"/>
            <line complexity="4" visibility="private" signature="pop_heap_item() : Heap_Item&lt;T&gt;" num="80" count="9" type="method"/>
            <line num="81" count="9" type="stmt"/>
            <line falsecount="8" truecount="1" num="81" type="cond"/>
            <line num="82" count="1" type="stmt"/>
            <line num="84" count="8" type="stmt"/>
            <line num="85" count="8" type="stmt"/>
            <line num="86" count="8" type="stmt"/>
            <line falsecount="7" truecount="1" num="86" type="cond"/>
            <line num="87" count="1" type="stmt"/>
            <line num="89" count="7" type="stmt"/>
            <line falsecount="5" truecount="2" num="89" type="cond"/>
            <line num="90" count="2" type="stmt"/>
            <line num="91" count="2" type="stmt"/>
            <line num="92" count="2" type="stmt"/>
            <line num="94" count="5" type="stmt"/>
            <line num="95" count="5" type="stmt"/>
            <line num="96" count="5" type="stmt"/>
            <line num="97" count="5" type="stmt"/>
            <line complexity="4" visibility="private" signature="multi_heaps_merge(Heap_Item) : Pairing_Heap&lt;T&gt;" num="109" count="9" type="method"/>
            <line num="110" count="9" type="stmt"/>
            <line num="113" count="9" type="stmt"/>
            <line num="114" count="9" type="stmt"/>
            <line num="115" count="18" type="stmt"/>
            <line num="116" count="18" type="stmt"/>
            <line num="117" count="18" type="stmt"/>
            <line num="118" count="18" type="stmt"/>
            <line falsecount="8" truecount="10" num="118" type="cond"/>
            <line num="119" count="10" type="stmt"/>
            <line num="121" count="18" type="stmt"/>
            <line num="122" count="18" type="stmt"/>
            <line falsecount="9" truecount="9" num="123" type="cond"/>
            <line num="126" count="9" type="stmt"/>
            <line falsecount="9" truecount="9" num="126" type="cond"/>
            <line num="127" count="9" type="stmt"/>
            <line num="130" count="9" type="stmt"/>
            <line complexity="6" visibility="private" signature="pair(Pairing_Heap&lt;T&gt;,Pairing_Heap&lt;T&gt;) : Pairing_Heap&lt;T&gt;" num="141" count="16" type="method"/>
            <line num="142" count="16" type="stmt"/>
            <line falsecount="15" truecount="1" num="142" type="cond"/>
            <line num="143" count="1" type="stmt"/>
            <line num="145" count="15" type="stmt"/>
            <line falsecount="14" truecount="1" num="145" type="cond"/>
            <line num="146" count="1" type="stmt"/>
            <line num="148" count="14" type="stmt"/>
            <line falsecount="4" truecount="10" num="148" type="cond"/>
            <line num="149" count="10" type="stmt"/>
            <line falsecount="4" truecount="6" num="149" type="cond"/>
            <line num="150" count="6" type="stmt"/>
            <line num="151" count="6" type="stmt"/>
            <line num="152" count="6" type="stmt"/>
            <line num="153" count="6" type="stmt"/>
            <line num="154" count="6" type="stmt"/>
            <line num="155" count="6" type="stmt"/>
            <line num="157" count="4" type="stmt"/>
            <line num="158" count="4" type="stmt"/>
            <line num="159" count="4" type="stmt"/>
            <line num="162" count="4" type="stmt"/>
            <line falsecount="1" truecount="3" num="162" type="cond"/>
            <line num="163" count="3" type="stmt"/>
            <line num="164" count="3" type="stmt"/>
            <line num="165" count="3" type="stmt"/>
            <line num="166" count="3" type="stmt"/>
            <line num="167" count="3" type="stmt"/>
            <line num="168" count="3" type="stmt"/>
            <line num="170" count="1" type="stmt"/>
            <line num="171" count="1" type="stmt"/>
            <line num="172" count="1" type="stmt"/>
            <line complexity="10" visibility="public" signature="checkPriority(Heap_Item&lt;T&gt;) : void" num="181" count="15" type="method"/>
            <line num="183" count="15" type="stmt"/>
            <line falsecount="14" truecount="1" num="183" type="cond"/>
            <line num="184" count="1" type="stmt"/>
            <line num="185" count="1" type="stmt"/>
            <line num="186" count="1" type="stmt"/>
            <line falsecount="0" truecount="1" num="186" type="cond"/>
            <line num="187" count="1" type="stmt"/>
            <line num="189" count="1" type="stmt"/>
            <line num="190" count="1" type="stmt"/>
            <line num="193" count="14" type="stmt"/>
            <line falsecount="5" truecount="9" num="193" type="cond"/>
            <line num="194" count="9" type="stmt"/>
            <line num="195" count="9" type="stmt"/>
            <line num="196" count="18" type="stmt"/>
            <line falsecount="15" truecount="3" num="196" type="cond"/>
            <line num="197" count="3" type="stmt"/>
            <line num="198" count="3" type="stmt"/>
            <line num="199" count="3" type="stmt"/>
            <line num="200" count="3" type="stmt"/>
            <line num="202" count="3" type="stmt"/>
            <line num="203" count="3" type="stmt"/>
            <line num="204" count="3" type="stmt"/>
            <line falsecount="2" truecount="1" num="204" type="cond"/>
            <line num="205" count="1" type="stmt"/>
            <line num="206" count="1" type="stmt"/>
            <line num="208" count="3" type="stmt"/>
            <line num="210" count="3" type="stmt"/>
            <line falsecount="1" truecount="2" num="210" type="cond"/>
            <line num="211" count="2" type="stmt"/>
            <line num="212" count="2" type="stmt"/>
            <line num="213" count="2" type="stmt"/>
            <line num="214" count="2" type="stmt"/>
            <line falsecount="1" truecount="1" num="214" type="cond"/>
            <line num="215" count="1" type="stmt"/>
            <line num="218" count="1" type="stmt"/>
            <line num="220" count="3" type="stmt"/>
            <line num="222" count="15" type="stmt"/>
            <line falsecount="6" truecount="9" num="223" type="cond"/>
         </file>
      </package>
   </project>
   <testproject name="PairingHeap 0.0.1-SNAPSHOT" timestamp="1666497512781">
      <metrics coveredelements="98" complexity="2" loc="140" methods="2" classes="1" statements="96" packages="1" coveredconditionals="0" coveredmethods="2" elements="98" ncloc="125" files="1" conditionals="0" coveredstatements="96"/>
      <package name="net.mooctest">
         <metrics coveredelements="98" complexity="2" loc="140" methods="2" classes="1" statements="96" coveredconditionals="0" coveredmethods="2" elements="98" ncloc="125" files="1" conditionals="0" coveredstatements="96"/>
         <file path="C:\mooctest\projects\7021\113732\PairingHeap\src\test\java\net\mooctest\Heap_ItemTest.java" name="Heap_ItemTest.java">
            <metrics coveredelements="98" coveredconditionals="0" complexity="2" loc="140" coveredmethods="2" methods="2" elements="98" classes="1" ncloc="125" statements="96" conditionals="0" coveredstatements="96"/>
            <class name="Heap_ItemTest">
               <metrics coveredelements="98" complexity="2" methods="2" testruns="2" statements="96" coveredconditionals="0" coveredmethods="2" elements="98" testfailures="0" testduration="0.015" conditionals="0" coveredstatements="96" testpasses="2"/>
            </class>
            <line complexity="1" visibility="public" signature="Heap_Item_test() : void" num="28" testsuccess="true" count="1" testduration="0.0" type="method"/>
            <line num="30" count="1" type="stmt"/>
            <line num="31" count="1" type="stmt"/>
            <line num="32" count="1" type="stmt"/>
            <line num="33" count="1" type="stmt"/>
            <line num="34" count="1" type="stmt"/>
            <line num="35" count="1" type="stmt"/>
            <line num="36" count="1" type="stmt"/>
            <line num="37" count="1" type="stmt"/>
            <line num="38" count="1" type="stmt"/>
            <line num="39" count="1" type="stmt"/>
            <line num="40" count="1" type="stmt"/>
            <line num="41" count="1" type="stmt"/>
            <line num="42" count="1" type="stmt"/>
            <line num="43" count="1" type="stmt"/>
            <line num="44" count="1" type="stmt"/>
            <line num="45" count="1" type="stmt"/>
            <line num="46" count="1" type="stmt"/>
            <line num="47" count="1" type="stmt"/>
            <line num="48" count="1" type="stmt"/>
            <line num="49" count="1" type="stmt"/>
            <line num="50" count="1" type="stmt"/>
            <line num="51" count="1" type="stmt"/>
            <line num="52" count="1" type="stmt"/>
            <line num="53" count="1" type="stmt"/>
            <line num="54" count="1" type="stmt"/>
            <line num="56" count="1" type="stmt"/>
            <line num="57" count="1" type="stmt"/>
            <line num="58" count="1" type="stmt"/>
            <line num="59" count="1" type="stmt"/>
            <line num="60" count="1" type="stmt"/>
            <line num="61" count="1" type="stmt"/>
            <line num="62" count="1" type="stmt"/>
            <line num="63" count="1" type="stmt"/>
            <line num="64" count="1" type="stmt"/>
            <line complexity="1" visibility="public" signature="Pairing_Heap_test() : void" num="67" testsuccess="true" count="1" testduration="0.015" type="method"/>
            <line num="69" count="1" type="stmt"/>
            <line num="70" count="1" type="stmt"/>
            <line num="71" count="1" type="stmt"/>
            <line num="73" count="1" type="stmt"/>
            <line num="74" count="1" type="stmt"/>
            <line num="75" count="1" type="stmt"/>
            <line num="76" count="1" type="stmt"/>
            <line num="78" count="1" type="stmt"/>
            <line num="79" count="1" type="stmt"/>
            <line num="80" count="1" type="stmt"/>
            <line num="81" count="1" type="stmt"/>
            <line num="82" count="1" type="stmt"/>
            <line num="83" count="1" type="stmt"/>
            <line num="84" count="1" type="stmt"/>
            <line num="85" count="1" type="stmt"/>
            <line num="86" count="1" type="stmt"/>
            <line num="87" count="1" type="stmt"/>
            <line num="88" count="1" type="stmt"/>
            <line num="89" count="1" type="stmt"/>
            <line num="90" count="1" type="stmt"/>
            <line num="91" count="1" type="stmt"/>
            <line num="92" count="1" type="stmt"/>
            <line num="93" count="1" type="stmt"/>
            <line num="94" count="1" type="stmt"/>
            <line num="95" count="1" type="stmt"/>
            <line num="96" count="1" type="stmt"/>
            <line num="97" count="1" type="stmt"/>
            <line num="99" count="1" type="stmt"/>
            <line num="100" count="1" type="stmt"/>
            <line num="101" count="1" type="stmt"/>
            <line num="102" count="1" type="stmt"/>
            <line num="103" count="1" type="stmt"/>
            <line num="104" count="1" type="stmt"/>
            <line num="105" count="1" type="stmt"/>
            <line num="106" count="1" type="stmt"/>
            <line num="107" count="1" type="stmt"/>
            <line num="108" count="1" type="stmt"/>
            <line num="109" count="1" type="stmt"/>
            <line num="110" count="1" type="stmt"/>
            <line num="112" count="1" type="stmt"/>
            <line num="113" count="1" type="stmt"/>
            <line num="114" count="1" type="stmt"/>
            <line num="115" count="1" type="stmt"/>
            <line num="116" count="1" type="stmt"/>
            <line num="117" count="1" type="stmt"/>
            <line num="118" count="1" type="stmt"/>
            <line num="119" count="1" type="stmt"/>
            <line num="120" count="1" type="stmt"/>
            <line num="121" count="1" type="stmt"/>
            <line num="122" count="1" type="stmt"/>
            <line num="123" count="1" type="stmt"/>
            <line num="125" count="1" type="stmt"/>
            <line num="126" count="1" type="stmt"/>
            <line num="127" count="1" type="stmt"/>
            <line num="128" count="1" type="stmt"/>
            <line num="129" count="1" type="stmt"/>
            <line num="130" count="1" type="stmt"/>
            <line num="132" count="1" type="stmt"/>
            <line num="133" count="1" type="stmt"/>
            <line num="134" count="1" type="stmt"/>
            <line num="135" count="1" type="stmt"/>
            <line num="136" count="1" type="stmt"/>
         </file>
      </package>
   </testproject>
</coverage>