<?xml version="1.0" encoding="UTF-8" ?>
<testsuite tests="6" failures="0" name="net.mooctest.PairTest" time="0.083" errors="0" skipped="0">
  <properties>
[...]
</properties>
  <testcase classname="net.mooctest.PairTest" name="test" time="0.037"/>
  <testcase classname="net.mooctest.PairTest" name="test1" time="0.019"/>
  <testcase classname="net.mooctest.PairTest" name="test2" time="0.003"/>
  <testcase classname="net.mooctest.PairTest" name="test3" time="0.015"/>
  <testcase classname="net.mooctest.PairTest" name="test4" time="0.003"/>
  <testcase classname="net.mooctest.PairTest" name="test5" time="0.006"/>
</testsuite>